<?xml version="1.0" encoding="UTF-8"?>
<!-- Generated by org.testng.reporters.JUnitXMLReporter -->
<testsuite ignored="0" hostname="WINDOWS-I42JNHR" failures="0" tests="8" name="Default test" time="61.43" errors="0" timestamp="2024-02-23T16:27:59 IST">
  <testcase classname="com.testscripts.LoginWithNewEmailTest" name="ValidateSigninWithNewEmail" time="31.322"/>
  <testcase classname="com.testscripts.LoginWithNewEmailTest" name="ValidateCoupon_Email" time="0.683"/>
  <testcase classname="com.testscripts.LoginWithNewEmailTest" name="ValidateEmailDisable_Email" time="0.123"/>
  <testcase classname="com.testscripts.LoginWithNewEmailTest" name="validateWhatsappCheckbox" time="0.451"/>
  <testcase classname="com.testscripts.LoginWithNewEmailTest" name="validateAttendeeEmail" time="17.167"/>
  <testcase classname="com.testscripts.LoginWithNewEmailTest" name="validateOrderifVip_email" time="0.484"/>
  <testcase classname="com.testscripts.LoginWithNewEmailTest" name="ValidateOrderIdFree_email" time="0.243"/>
  <testcase classname="com.testscripts.LoginWithNewEmailTest" name="validateAttendeeRegistration_Vip" time="5.515"/>
</testsuite> <!-- Default test -->
