<?xml version="1.0" encoding="UTF-8"?>
<!-- Generated by org.testng.reporters.JUnitXMLReporter -->
<testsuite ignored="0" hostname="WINDOWS-I42JNHR" failures="2" tests="19" name="Test" time="67.027" errors="0" timestamp="2024-03-19T10:37:29 IST">
  <testcase classname="com.testscripts.LoginGoogleTests" name="validateDisablemail_google" time="13.895">
    <failure type="java.lang.AssertionError" message="expected [false] but found [true]">
      <![CDATA[java.lang.AssertionError: expected [false] but found [true]
at com.pages.LoginWithGoogle.VerifyGooglesignIn(LoginWithGoogle.java:176)
at com.testscripts.LoginGoogleTests.validateDisablemail_google(LoginGoogleTests.java:68)
at java.base/java.util.ArrayList.forEach(ArrayList.java:1511)
... Removed 31 stack frames]]>
    </failure>
  </testcase> <!-- validateDisablemail_google -->
  <testcase classname="com.testscripts.LoginGoogleTests" name="ValidateWhatsappConfigEnable" time="0.873"/>
  <testcase classname="com.testscripts.LoginGoogleTests" name="validateTicketForAttendee_google" time="0.055"/>
  <testcase classname="com.testscripts.LoginGoogleTests" name="validateOrderSuccessMessage" time="3.359"/>
  <testcase classname="com.testscripts.LoginGoogleTests" name="validateViewTicketUrl_google" time="1.437"/>
  <testcase classname="com.testscripts.LoginGoogleTests" name="ValidateRegUrl_google" time="3.007"/>
  <testcase classname="com.testscripts.LoginGoogleTests" name="ValidateOrderId_google" time="1.767"/>
  <testcase classname="com.testscripts.LoginGoogleTests" name="validateBuyerDetails_google" time="1.06"/>
  <testcase classname="com.testscripts.LoginGoogleTests" name="validateAttendeeDetails_googleloginViewTickets" time="0.007"/>
  <testcase classname="com.testscripts.LoginGoogleTests" name="validateAttendeeDetails_googleCompleteReg" time="0.001"/>
  <testcase classname="com.testscripts.LoginGoogleUPIPaidTicketTest" name="validateDisableEmail_google_Upi" time="17.541">
    <failure type="java.lang.AssertionError" message="expected [false] but found [true]">
      <![CDATA[java.lang.AssertionError: expected [false] but found [true]
at com.pages.LoginWithGooglePaidTicket.VerifyGooglesignIn(LoginWithGooglePaidTicket.java:99)
at com.testscripts.LoginGoogleUPIPaidTicketTest.validateDisableEmail_google_Upi(LoginGoogleUPIPaidTicketTest.java:36)
at java.base/java.util.ArrayList.forEach(ArrayList.java:1511)
... Removed 31 stack frames]]>
    </failure>
  </testcase> <!-- validateDisableEmail_google_Upi -->
  <testcase classname="com.testscripts.LoginGoogleUPIPaidTicketTest" name="ValidateWhatsappConfigEnable_UPi" time="0.789"/>
  <testcase classname="com.testscripts.LoginGoogleUPIPaidTicketTest" name="validateTicketForAttendee_google_upi" time="0.054"/>
  <testcase classname="com.testscripts.LoginGoogleUPIPaidTicketTest" name="validatePaymentUrl" time="0.42"/>
  <testcase classname="com.testscripts.LoginGoogleUPIPaidTicketTest" name="validatePhonepe" time="2.886"/>
  <testcase classname="com.testscripts.LoginGoogleUPIPaidTicketTest" name="validateAmazonPe" time="0.342"/>
  <testcase classname="com.testscripts.LoginGoogleUPIPaidTicketTest" name="validatephoenpeOrderMessage" time="3.602"/>
  <testcase classname="com.testscripts.LoginGoogleUPIPaidTicketTest" name="validateOrderIdVip" time="0.759"/>
  <testcase classname="com.testscripts.LoginGoogleUPIPaidTicketTest" name="validateAttendeeDetails_GoogleAmazon" time="0.001"/>
</testsuite> <!-- Test -->
