<?xml version="1.0" encoding="UTF-8"?>
<!-- Generated by org.testng.reporters.JUnitXMLReporter -->
<testsuite ignored="0" hostname="WINDOWS-I42JNHR" failures="11" tests="136" name="Test" time="443.898" errors="0" timestamp="2024-03-13T12:15:09 IST">
  <testcase classname="com.testscripts.LoginGoogleUPIPaidTicketTest" name="validateDisableEmail_google_Upi" time="14.095">
    <failure type="java.lang.AssertionError" message="expected [false] but found [true]">
      <![CDATA[java.lang.AssertionError: expected [false] but found [true]
at com.pages.LoginWithGooglePaidTicket.VerifyGooglesignIn(LoginWithGooglePaidTicket.java:99)
at com.testscripts.LoginGoogleUPIPaidTicketTest.validateDisableEmail_google_Upi(LoginGoogleUPIPaidTicketTest.java:36)
at java.base/java.util.ArrayList.forEach(ArrayList.java:1511)
... Removed 31 stack frames]]>
    </failure>
  </testcase> <!-- validateDisableEmail_google_Upi -->
  <testcase classname="com.testscripts.LoginGoogleUPIPaidTicketTest" name="ValidateWhatsappConfigEnable_UPi" time="0.42"/>
  <testcase classname="com.testscripts.LoginGoogleUPIPaidTicketTest" name="validateTicketForAttendee_google_upi" time="0.944"/>
  <testcase classname="com.testscripts.LoginGoogleUPIPaidTicketTest" name="validatePaymentUrl" time="0.27"/>
  <testcase classname="com.testscripts.LoginGoogleUPIPaidTicketTest" name="validatePhonepe" time="3.218"/>
  <testcase classname="com.testscripts.LoginGoogleUPIPaidTicketTest" name="validateAmazonPe" time="0.172"/>
  <testcase classname="com.testscripts.LoginGoogleUPIPaidTicketTest" name="validatephoenpeOrderMessage" time="5.1"/>
  <testcase classname="com.testscripts.LoginGoogleUPIPaidTicketTest" name="validateOrderIdVip" time="0.604"/>
  <testcase classname="com.testscripts.LoginGoogleUPIPaidTicketTest" name="validateAttendeeDetails_GoogleAmazon" time="0.737"/>
  <testcase classname="com.testscripts.LoginGoogleTests" name="validateDisablemail_google" time="12.493">
    <failure type="java.lang.AssertionError" message="expected [false] but found [true]">
      <![CDATA[java.lang.AssertionError: expected [false] but found [true]
at com.pages.LoginWithGoogle.VerifyGooglesignIn(LoginWithGoogle.java:176)
at com.testscripts.LoginGoogleTests.validateDisablemail_google(LoginGoogleTests.java:68)
at java.base/java.util.ArrayList.forEach(ArrayList.java:1511)
... Removed 31 stack frames]]>
    </failure>
  </testcase> <!-- validateDisablemail_google -->
  <testcase classname="com.testscripts.LoginGoogleTests" name="ValidateWhatsappConfigEnable" time="0.627"/>
  <testcase classname="com.testscripts.LoginGoogleTests" name="validateTicketForAttendee_google" time="0.978"/>
  <testcase classname="com.testscripts.LoginGoogleTests" name="validateOrderSuccessMessage" time="2.5"/>
  <testcase classname="com.testscripts.LoginGoogleTests" name="validateViewTicketUrl_google" time="1.171"/>
  <testcase classname="com.testscripts.LoginGoogleTests" name="ValidateRegUrl_google" time="1.445"/>
  <testcase classname="com.testscripts.LoginGoogleTests" name="ValidateOrderId_google" time="1.134"/>
  <testcase classname="com.testscripts.LoginGoogleTests" name="validateBuyerDetails_google" time="0.561"/>
  <testcase classname="com.testscripts.LoginGoogleTests" name="validateAttendeeDetails_googleloginViewTickets" time="0.783"/>
  <testcase classname="com.testscripts.LoginGoogleTests" name="validateAttendeeDetails_googleCompleteReg" time="0.688"/>
  <testcase classname="com.testscripts.LoginGoogleAmazonPayTest" name="validateDisableEmail_google_Upi" time="12.142">
    <failure type="java.lang.AssertionError" message="expected [false] but found [true]">
      <![CDATA[java.lang.AssertionError: expected [false] but found [true]
at com.pages.LoginWithGooglePaidTicket.VerifyGooglesignIn(LoginWithGooglePaidTicket.java:99)
at com.testscripts.LoginGoogleAmazonPayTest.validateDisableEmail_google_Upi(LoginGoogleAmazonPayTest.java:41)
at java.base/java.util.ArrayList.forEach(ArrayList.java:1511)
... Removed 31 stack frames]]>
    </failure>
  </testcase> <!-- validateDisableEmail_google_Upi -->
  <testcase classname="com.testscripts.LoginGoogleAmazonPayTest" name="ValidateWhatsappConfigEnable_UPi" time="0.444"/>
  <testcase classname="com.testscripts.LoginGoogleAmazonPayTest" name="validateTicketForAttendee_google_upi" time="0.781"/>
  <testcase classname="com.testscripts.LoginGoogleAmazonPayTest" name="validatePaymentUrl" time="0.312"/>
  <testcase classname="com.testscripts.LoginGoogleAmazonPayTest" name="validatePhonepe" time="2.668"/>
  <testcase classname="com.testscripts.LoginGoogleAmazonPayTest" name="validateAmazonPe" time="0.169"/>
  <testcase classname="com.testscripts.LoginGoogleAmazonPayTest" name="validatephoenpeOrderMessage" time="1.315"/>
  <testcase classname="com.testscripts.LoginGoogleAmazonPayTest" name="validateOrderIdVip" time="0.502"/>
  <testcase classname="com.testscripts.LoginGoogleAmazonPayTest" name="validateAttendeeDetails_GoogleAmazon" time="0.798"/>
  <testcase classname="com.testscripts.LoginWithNewMailUpiPayTest" name="ValidateSigninWithNewEmail_upiPay" time="1.165"/>
  <testcase classname="com.testscripts.LoginWithNewMailUpiPayTest" name="ValidateCoupon_Email" time="0.647"/>
  <testcase classname="com.testscripts.LoginWithNewMailUpiPayTest" name="validateCouponRemove" time="0.128"/>
  <testcase classname="com.testscripts.LoginWithNewMailUpiPayTest" name="ValidateEmailDisable_Email" time="0.114"/>
  <testcase classname="com.testscripts.LoginWithNewMailUpiPayTest" name="validateWhatsappCheckbox" time="0.388"/>
  <testcase classname="com.testscripts.LoginWithNewMailUpiPayTest" name="validateAttendeeEmail" time="0.932"/>
  <testcase classname="com.testscripts.LoginWithNewMailUpiPayTest" name="validatePaymentUrl" time="0.244"/>
  <testcase classname="com.testscripts.LoginWithNewMailUpiPayTest" name="validatePhonepe" time="2.668"/>
  <testcase classname="com.testscripts.LoginWithNewMailUpiPayTest" name="validateAmazonPe" time="0.141"/>
  <testcase classname="com.testscripts.LoginWithNewMailUpiPayTest" name="validatephoenpeOrderMessage" time="1.832"/>
  <testcase classname="com.testscripts.LoginWithNewMailUpiPayTest" name="validateRegisterBtn" time="0.032">
    <failure type="java.lang.AssertionError" message="expected [false] but found [true]">
      <![CDATA[java.lang.AssertionError: expected [false] but found [true]
at com.pages.LoginWithExistingEmailUpiPayment.verifyCompleteRegisterbutton(LoginWithExistingEmailUpiPayment.java:178)
at com.testscripts.LoginWithNewMailUpiPayTest.validateRegisterBtn(LoginWithNewMailUpiPayTest.java:113)
at java.base/java.util.ArrayList.forEach(ArrayList.java:1511)
... Removed 31 stack frames]]>
    </failure>
  </testcase> <!-- validateRegisterBtn -->
  <testcase classname="com.testscripts.LoginWithNewMailUpiPayTest" name="validateOrderIdVip" time="0.554"/>
  <testcase classname="com.testscripts.LoginWithNewMailUpiPayTest" name="validateOrderIdFree" time="0.917"/>
  <testcase classname="com.testscripts.LoginWithNewMailUpiPayTest" name="validateAttendeeDetailsViewticket_NewEmail" time="0.782"/>
  <testcase classname="com.testscripts.LoginWithNewEmailTest" name="ValidateSigninWithNewEmail" time="1.284"/>
  <testcase classname="com.testscripts.LoginWithNewEmailTest" name="ValidateCoupon_Email" time="0.75"/>
  <testcase classname="com.testscripts.LoginWithNewEmailTest" name="ValidateEmailDisable_Email" time="0.099"/>
  <testcase classname="com.testscripts.LoginWithNewEmailTest" name="validateWhatsappCheckbox" time="0.339"/>
  <testcase classname="com.testscripts.LoginWithNewEmailTest" name="validateAttendeeEmail" time="0.748"/>
  <testcase classname="com.testscripts.LoginWithNewEmailTest" name="validateOrderSuccessMessage" time="1.133"/>
  <testcase classname="com.testscripts.LoginWithNewEmailTest" name="validateOrderifVip_email" time="0.875"/>
  <testcase classname="com.testscripts.LoginWithNewEmailTest" name="ValidateOrderIdFree_email" time="0.925"/>
  <testcase classname="com.testscripts.LoginWithNewEmailTest" name="validateAttendeeDetailsViewticket_NewEmail" time="0.743"/>
  <testcase classname="com.testscripts.LoginWithNewEmailTest" name="validateAttendeeDetailsReg_NewEmail" time="1.302"/>
  <testcase classname="com.testscripts.LoginWithNewEmailTest" name="validateAttendeeRegistration_Vip" time="4.16"/>
  <testcase classname="com.testscripts.LoginWithNewMailAmazonPayTest" name="ValidateSigninWithNewEmail_upiPay" time="1.131"/>
  <testcase classname="com.testscripts.LoginWithNewMailAmazonPayTest" name="ValidateCoupon_Email" time="0.715"/>
  <testcase classname="com.testscripts.LoginWithNewMailAmazonPayTest" name="validateCouponRemove" time="0.076"/>
  <testcase classname="com.testscripts.LoginWithNewMailAmazonPayTest" name="ValidateEmailDisable_Email" time="0.112"/>
  <testcase classname="com.testscripts.LoginWithNewMailAmazonPayTest" name="validateWhatsappCheckbox" time="0.337"/>
  <testcase classname="com.testscripts.LoginWithNewMailAmazonPayTest" name="validateAttendeeEmail" time="1.067"/>
  <testcase classname="com.testscripts.LoginWithNewMailAmazonPayTest" name="validatePaymentUrl" time="0.276"/>
  <testcase classname="com.testscripts.LoginWithNewMailAmazonPayTest" name="validatePhonepe" time="2.664"/>
  <testcase classname="com.testscripts.LoginWithNewMailAmazonPayTest" name="validateAmazonPe" time="0.16"/>
  <testcase classname="com.testscripts.LoginWithNewMailAmazonPayTest" name="validateAmazonOrderMessage" time="2.621"/>
  <testcase classname="com.testscripts.LoginWithNewMailAmazonPayTest" name="validateRegisterBtn" time="0.049">
    <failure type="java.lang.AssertionError" message="expected [false] but found [true]">
      <![CDATA[java.lang.AssertionError: expected [false] but found [true]
at com.pages.LoginWithExistingEmailUpiPayment.verifyCompleteRegisterbutton(LoginWithExistingEmailUpiPayment.java:178)
at com.testscripts.LoginWithNewMailAmazonPayTest.validateRegisterBtn(LoginWithNewMailAmazonPayTest.java:115)
at java.base/java.util.ArrayList.forEach(ArrayList.java:1511)
... Removed 31 stack frames]]>
    </failure>
  </testcase> <!-- validateRegisterBtn -->
  <testcase classname="com.testscripts.LoginWithNewMailAmazonPayTest" name="validateOrderIdVip_amazonpay" time="0.49"/>
  <testcase classname="com.testscripts.LoginWithNewMailAmazonPayTest" name="validateOrderIdFree_amazonpay" time="0.924"/>
  <testcase classname="com.testscripts.LoginWithNewMailAmazonPayTest" name="validateAttendeeDetailsViewticket_NewEmail" time="0.773"/>
  <testcase classname="com.testscripts.LoginWithExistingEmailAmazonPayTest" name="validateLogin" time="1.297"/>
  <testcase classname="com.testscripts.LoginWithExistingEmailAmazonPayTest" name="validateCoupon" time="0.778"/>
  <testcase classname="com.testscripts.LoginWithExistingEmailAmazonPayTest" name="validateEmailDisable" time="0.108"/>
  <testcase classname="com.testscripts.LoginWithExistingEmailAmazonPayTest" name="validateCouponRemove" time="0.067"/>
  <testcase classname="com.testscripts.LoginWithExistingEmailAmazonPayTest" name="validateBuyForSomeone" time="0.895"/>
  <testcase classname="com.testscripts.LoginWithExistingEmailAmazonPayTest" name="validateWhatsappIsPresent" time="0.399"/>
  <testcase classname="com.testscripts.LoginWithExistingEmailAmazonPayTest" name="validatePaymentUrl" time="0.238"/>
  <testcase classname="com.testscripts.LoginWithExistingEmailAmazonPayTest" name="validatePhonepe" time="30.057">
    <failure type="org.openqa.selenium.NoSuchElementException" message="no such element: Unable to locate element: {&amp;quot;method&amp;quot;:&amp;quot;css selector&amp;quot;,&amp;quot;selector&amp;quot;:&amp;quot;#radioupiqr\-1&amp;quot;}
  (Session info: chrome=122.0.6261.112)
For documentation on this error, please visit: http://seleniumhq.org/exceptions/no_such_element.html
Build info: version: &amp;apos;3.141.0&amp;apos;, revision: &amp;apos;2ecb7d9a&amp;apos;, time: &amp;apos;2018-10-31T20:09:30&amp;apos;
System info: host: &amp;apos;WINDOWS-I42JNHR&amp;apos;, ip: &amp;apos;192.168.0.111&amp;apos;, os.name: &amp;apos;Windows 11&amp;apos;, os.arch: &amp;apos;amd64&amp;apos;, os.version: &amp;apos;10.0&amp;apos;, java.version: &amp;apos;17.0.10&amp;apos;
Driver info: org.openqa.selenium.chrome.ChromeDriver
Capabilities {acceptInsecureCerts: false, browserName: chrome, browserVersion: 122.0.6261.112, chrome: {chromedriverVersion: 121.0.6167.184 (057a8ae7deb..., userDataDir: C:\Users\COREVA~1\AppData\L...}, fedcm:accounts: true, goog:chromeOptions: {debuggerAddress: localhost:61529}, javascriptEnabled: true, networkConnectionEnabled: false, pageLoadStrategy: normal, platform: WINDOWS, platformName: WINDOWS, proxy: Proxy(), setWindowRect: true, strictFileInteractability: false, timeouts: {implicit: 0, pageLoad: 300000, script: 30000}, unhandledPromptBehavior: dismiss and notify, webauthn:extension:credBlob: true, webauthn:extension:largeBlob: true, webauthn:extension:minPinLength: true, webauthn:extension:prf: true, webauthn:virtualAuthenticators: true}
Session ID: 35109f0badc372f98f7c8f3e045f8229
*** Element info: {Using=id, value=radioupiqr-1}">
      <![CDATA[org.openqa.selenium.NoSuchElementException: no such element: Unable to locate element: {"method":"css selector","selector":"#radioupiqr\-1"}
  (Session info: chrome=122.0.6261.112)
For documentation on this error, please visit: http://seleniumhq.org/exceptions/no_such_element.html
Build info: version: '3.141.0', revision: '2ecb7d9a', time: '2018-10-31T20:09:30'
System info: host: 'WINDOWS-I42JNHR', ip: '192.168.0.111', os.name: 'Windows 11', os.arch: 'amd64', os.version: '10.0', java.version: '17.0.10'
Driver info: org.openqa.selenium.chrome.ChromeDriver
Capabilities {acceptInsecureCerts: false, browserName: chrome, browserVersion: 122.0.6261.112, chrome: {chromedriverVersion: 121.0.6167.184 (057a8ae7deb..., userDataDir: C:\Users\COREVA~1\AppData\L...}, fedcm:accounts: true, goog:chromeOptions: {debuggerAddress: localhost:61529}, javascriptEnabled: true, networkConnectionEnabled: false, pageLoadStrategy: normal, platform: WINDOWS, platformName: WINDOWS, proxy: Proxy(), setWindowRect: true, strictFileInteractability: false, timeouts: {implicit: 0, pageLoad: 300000, script: 30000}, unhandledPromptBehavior: dismiss and notify, webauthn:extension:credBlob: true, webauthn:extension:largeBlob: true, webauthn:extension:minPinLength: true, webauthn:extension:prf: true, webauthn:virtualAuthenticators: true}
Session ID: 35109f0badc372f98f7c8f3e045f8229
*** Element info: {Using=id, value=radioupiqr-1}
at org.openqa.selenium.remote.http.W3CHttpResponseCodec.createException(W3CHttpResponseCodec.java:187)
at org.openqa.selenium.remote.http.W3CHttpResponseCodec.decode(W3CHttpResponseCodec.java:122)
at org.openqa.selenium.remote.http.W3CHttpResponseCodec.decode(W3CHttpResponseCodec.java:49)
at org.openqa.selenium.remote.HttpCommandExecutor.execute(HttpCommandExecutor.java:158)
at org.openqa.selenium.remote.service.DriverCommandExecutor.execute(DriverCommandExecutor.java:83)
at org.openqa.selenium.remote.RemoteWebDriver.execute(RemoteWebDriver.java:552)
at org.openqa.selenium.remote.RemoteWebDriver.findElement(RemoteWebDriver.java:323)
at org.openqa.selenium.remote.RemoteWebDriver.findElementById(RemoteWebDriver.java:372)
at org.openqa.selenium.By$ById.findElement(By.java:188)
at org.openqa.selenium.remote.RemoteWebDriver.findElement(RemoteWebDriver.java:315)
at org.openqa.selenium.support.pagefactory.DefaultElementLocator.findElement(DefaultElementLocator.java:69)
at org.openqa.selenium.support.pagefactory.internal.LocatingElementHandler.invoke(LocatingElementHandler.java:38)
at jdk.proxy2/jdk.proxy2.$Proxy13.getWrappedElement(Unknown Source)
at org.openqa.selenium.remote.internal.WebElementToJsonConverter.apply(WebElementToJsonConverter.java:50)
at java.base/java.util.stream.ReferencePipeline$3$1.accept(ReferencePipeline.java:197)
at java.base/java.util.Spliterators$ArraySpliterator.forEachRemaining(Spliterators.java:992)
at java.base/java.util.stream.AbstractPipeline.copyInto(AbstractPipeline.java:509)
at java.base/java.util.stream.AbstractPipeline.wrapAndCopyInto(AbstractPipeline.java:499)
at java.base/java.util.stream.ReduceOps$ReduceOp.evaluateSequential(ReduceOps.java:921)
at java.base/java.util.stream.AbstractPipeline.evaluate(AbstractPipeline.java:234)
at java.base/java.util.stream.ReferencePipeline.collect(ReferencePipeline.java:682)
at org.openqa.selenium.remote.RemoteWebDriver.executeScript(RemoteWebDriver.java:484)
at com.utils.Utils.javaScriptClick(Utils.java:95)
at com.pages.LoginWithExistingEmailUpiPayment.verifyPhonepe(LoginWithExistingEmailUpiPayment.java:141)
at com.testscripts.LoginWithExistingEmailAmazonPayTest.validatePhonepe(LoginWithExistingEmailAmazonPayTest.java:96)
at java.base/java.util.ArrayList.forEach(ArrayList.java:1511)
... Removed 32 stack frames]]>
    </failure>
  </testcase> <!-- validatePhonepe -->
  <testcase classname="com.testscripts.LoginWithExistingEmailAmazonPayTest" name="validateAmazonPe" time="24.722"/>
  <testcase classname="com.testscripts.LoginWithExistingEmailAmazonPayTest" name="validateAmazonOrderMessage" time="1.542"/>
  <testcase classname="com.testscripts.LoginWithExistingEmailAmazonPayTest" name="validateRegisterBtn" time="0.034">
    <failure type="java.lang.AssertionError" message="expected [false] but found [true]">
      <![CDATA[java.lang.AssertionError: expected [false] but found [true]
at com.pages.LoginWithExistingEmailUpiPayment.verifyCompleteRegisterbutton(LoginWithExistingEmailUpiPayment.java:178)
at com.testscripts.LoginWithExistingEmailAmazonPayTest.validateRegisterBtn(LoginWithExistingEmailAmazonPayTest.java:120)
at java.base/java.util.ArrayList.forEach(ArrayList.java:1511)
... Removed 31 stack frames]]>
    </failure>
  </testcase> <!-- validateRegisterBtn -->
  <testcase classname="com.testscripts.LoginWithExistingEmailAmazonPayTest" name="validateOrderIdVip_amazonpay" time="0.863"/>
  <testcase classname="com.testscripts.LoginWithExistingEmailAmazonPayTest" name="validateOrderIdFree_amazonpay" time="0.809"/>
  <testcase classname="com.testscripts.LoginWithExistingEmailAmazonPayTest" name="validateAttendeeDetails_ExistingEmail" time="0.726"/>
  <testcase classname="com.testscripts.LoginWithExistingEmailUpiPayTest" name="validateLogin" time="1.318"/>
  <testcase classname="com.testscripts.LoginWithExistingEmailUpiPayTest" name="validateCoupon" time="0.738"/>
  <testcase classname="com.testscripts.LoginWithExistingEmailUpiPayTest" name="validateEmailDisable" time="0.104"/>
  <testcase classname="com.testscripts.LoginWithExistingEmailUpiPayTest" name="validateCouponRemove" time="0.06"/>
  <testcase classname="com.testscripts.LoginWithExistingEmailUpiPayTest" name="validateBuyForSomeone" time="0.565"/>
  <testcase classname="com.testscripts.LoginWithExistingEmailUpiPayTest" name="validateWhatsappIsPresent" time="0.264"/>
  <testcase classname="com.testscripts.LoginWithExistingEmailUpiPayTest" name="validatePaymentUrl" time="0.187"/>
  <testcase classname="com.testscripts.LoginWithExistingEmailUpiPayTest" name="validatePhonepe" time="3.214"/>
  <testcase classname="com.testscripts.LoginWithExistingEmailUpiPayTest" name="validateAmazonPe" time="0.116"/>
  <testcase classname="com.testscripts.LoginWithExistingEmailUpiPayTest" name="validatephoenpeOrderMessage" time="1.242"/>
  <testcase classname="com.testscripts.LoginWithExistingEmailUpiPayTest" name="validateRegisterBtn" time="0.026">
    <failure type="java.lang.AssertionError" message="expected [false] but found [true]">
      <![CDATA[java.lang.AssertionError: expected [false] but found [true]
at com.pages.LoginWithExistingEmailUpiPayment.verifyCompleteRegisterbutton(LoginWithExistingEmailUpiPayment.java:178)
at com.testscripts.LoginWithExistingEmailUpiPayTest.validateRegisterBtn(LoginWithExistingEmailUpiPayTest.java:116)
at java.base/java.util.ArrayList.forEach(ArrayList.java:1511)
... Removed 31 stack frames]]>
    </failure>
  </testcase> <!-- validateRegisterBtn -->
  <testcase classname="com.testscripts.LoginWithExistingEmailUpiPayTest" name="validateOrderIdVip" time="0.888"/>
  <testcase classname="com.testscripts.LoginWithExistingEmailUpiPayTest" name="validateOrderIdFree" time="0.828"/>
  <testcase classname="com.testscripts.LoginWithExistingEmailUpiPayTest" name="validateAttendeeDetails_ExistingEmail" time="0.732"/>
  <testcase classname="com.testscripts.LoginWithExistingEmailFreeTest" name="validateMobileWithExistingEmail_free" time="1.109"/>
  <testcase classname="com.testscripts.LoginWithExistingEmailFreeTest" name="validateDisableEmail__freeExistingEmail" time="0.519"/>
  <testcase classname="com.testscripts.LoginWithExistingEmailFreeTest" name="validateOrderConfirmation__freeExistingEmail" time="0.638"/>
  <testcase classname="com.testscripts.LoginWithExistingEmailFreeTest" name="validateWhatsappIsPresent_freeExistingEmail" time="0.038"/>
  <testcase classname="com.testscripts.LoginWithExistingEmailFreeTest" name="validateOrderSuccessPage_freeExistingEmail" time="1.024"/>
  <testcase classname="com.testscripts.LoginWithExistingEmailFreeTest" name="validateOrderID_freeExistingEmail" time="0.68"/>
  <testcase classname="com.testscripts.LoginWithExistingEmailFreeTest" name="validateAttendeeDetails_ExistingEmail" time="0.69"/>
  <testcase classname="com.testscripts.LoginWithExistingEmailFreeTest" name="validateAttendeeDetails_googleCompleteReg" time="1.45"/>
  <testcase classname="com.testscripts.LoginWithMobileFreeTest" name="validateMobileLogin_MbFree" time="31.232"/>
  <testcase classname="com.testscripts.LoginWithMobileFreeTest" name="validateDisableMobile_Mbfree" time="0.647"/>
  <testcase classname="com.testscripts.LoginWithMobileFreeTest" name="validateOrderConfirmation_Mbfree" time="0.748"/>
  <testcase classname="com.testscripts.LoginWithMobileFreeTest" name="verifyOrderMessage_Mbfree" time="2.4"/>
  <testcase classname="com.testscripts.LoginWithMobileFreeTest" name="verifyOrderId_Mbfree" time="0.668"/>
  <testcase classname="com.testscripts.LoginWithMobileFreeTest" name="verifyBuyerdetails_Mbfree" time="1.403"/>
  <testcase classname="com.testscripts.LoginWithMobileFreeTest" name="verifyRegistration_Mbfree" time="1.844"/>
  <testcase classname="com.testscripts.LoginWithMobileFreeTest" name="validateAttendeeDetails_MobileloginViewTicketsFree" time="2.473"/>
  <testcase classname="com.testscripts.LoginWithMobileFreeTest" name="validateAttendeeDetails_MobileLoginCompleteRegFree" time="0.766"/>
  <testcase classname="com.testscripts.LoginWithMobileAmazonPayTest" name="validateMobileLogin_MbUpi" time="65.572">
    <failure type="org.openqa.selenium.ElementNotInteractableException" message="element not interactable
  (Session info: chrome=122.0.6261.112)
Build info: version: &amp;apos;3.141.0&amp;apos;, revision: &amp;apos;2ecb7d9a&amp;apos;, time: &amp;apos;2018-10-31T20:09:30&amp;apos;
System info: host: &amp;apos;WINDOWS-I42JNHR&amp;apos;, ip: &amp;apos;192.168.0.111&amp;apos;, os.name: &amp;apos;Windows 11&amp;apos;, os.arch: &amp;apos;amd64&amp;apos;, os.version: &amp;apos;10.0&amp;apos;, java.version: &amp;apos;17.0.10&amp;apos;
Driver info: org.openqa.selenium.chrome.ChromeDriver
Capabilities {acceptInsecureCerts: false, browserName: chrome, browserVersion: 122.0.6261.112, chrome: {chromedriverVersion: 121.0.6167.184 (057a8ae7deb..., userDataDir: C:\Users\COREVA~1\AppData\L...}, fedcm:accounts: true, goog:chromeOptions: {debuggerAddress: localhost:61864}, javascriptEnabled: true, networkConnectionEnabled: false, pageLoadStrategy: normal, platform: WINDOWS, platformName: WINDOWS, proxy: Proxy(), setWindowRect: true, strictFileInteractability: false, timeouts: {implicit: 0, pageLoad: 300000, script: 30000}, unhandledPromptBehavior: dismiss and notify, webauthn:extension:credBlob: true, webauthn:extension:largeBlob: true, webauthn:extension:minPinLength: true, webauthn:extension:prf: true, webauthn:virtualAuthenticators: true}
Session ID: f46b4eaf8961a4d470e01725853f843b">
      <![CDATA[org.openqa.selenium.ElementNotInteractableException: element not interactable
  (Session info: chrome=122.0.6261.112)
Build info: version: '3.141.0', revision: '2ecb7d9a', time: '2018-10-31T20:09:30'
System info: host: 'WINDOWS-I42JNHR', ip: '192.168.0.111', os.name: 'Windows 11', os.arch: 'amd64', os.version: '10.0', java.version: '17.0.10'
Driver info: org.openqa.selenium.chrome.ChromeDriver
Capabilities {acceptInsecureCerts: false, browserName: chrome, browserVersion: 122.0.6261.112, chrome: {chromedriverVersion: 121.0.6167.184 (057a8ae7deb..., userDataDir: C:\Users\COREVA~1\AppData\L...}, fedcm:accounts: true, goog:chromeOptions: {debuggerAddress: localhost:61864}, javascriptEnabled: true, networkConnectionEnabled: false, pageLoadStrategy: normal, platform: WINDOWS, platformName: WINDOWS, proxy: Proxy(), setWindowRect: true, strictFileInteractability: false, timeouts: {implicit: 0, pageLoad: 300000, script: 30000}, unhandledPromptBehavior: dismiss and notify, webauthn:extension:credBlob: true, webauthn:extension:largeBlob: true, webauthn:extension:minPinLength: true, webauthn:extension:prf: true, webauthn:virtualAuthenticators: true}
Session ID: f46b4eaf8961a4d470e01725853f843b
at org.openqa.selenium.remote.http.W3CHttpResponseCodec.createException(W3CHttpResponseCodec.java:187)
at org.openqa.selenium.remote.http.W3CHttpResponseCodec.decode(W3CHttpResponseCodec.java:122)
at org.openqa.selenium.remote.http.W3CHttpResponseCodec.decode(W3CHttpResponseCodec.java:49)
at org.openqa.selenium.remote.HttpCommandExecutor.execute(HttpCommandExecutor.java:158)
at org.openqa.selenium.remote.service.DriverCommandExecutor.execute(DriverCommandExecutor.java:83)
at org.openqa.selenium.remote.RemoteWebDriver.execute(RemoteWebDriver.java:552)
at org.openqa.selenium.remote.RemoteWebElement.execute(RemoteWebElement.java:285)
at org.openqa.selenium.remote.RemoteWebElement.click(RemoteWebElement.java:84)
at org.openqa.selenium.support.pagefactory.internal.LocatingElementHandler.invoke(LocatingElementHandler.java:51)
at jdk.proxy2/jdk.proxy2.$Proxy13.click(Unknown Source)
at com.pages.LoginWithMobileUpiPay.verifyMobileLogin(LoginWithMobileUpiPay.java:68)
at com.testscripts.LoginWithMobileAmazonPayTest.validateMobileLogin_MbUpi(LoginWithMobileAmazonPayTest.java:53)
at java.base/java.util.ArrayList.forEach(ArrayList.java:1511)
... Removed 35 stack frames]]>
    </failure>
  </testcase> <!-- validateMobileLogin_MbUpi -->
  <testcase classname="com.testscripts.LoginWithMobileAmazonPayTest" name="validateDisableEmail_MbUpi" time="0.455"/>
  <testcase classname="com.testscripts.LoginWithMobileAmazonPayTest" name="validateOrderConfirmation_MbUpi" time="0.607"/>
  <testcase classname="com.testscripts.LoginWithMobileAmazonPayTest" name="validateCoupon" time="0.288"/>
  <testcase classname="com.testscripts.LoginWithMobileAmazonPayTest" name="validateCouponRemove" time="0.057"/>
  <testcase classname="com.testscripts.LoginWithMobileAmazonPayTest" name="validateWhatsappIsPresent" time="0.363"/>
  <testcase classname="com.testscripts.LoginWithMobileAmazonPayTest" name="validatePaymentUrl" time="0.223"/>
  <testcase classname="com.testscripts.LoginWithMobileAmazonPayTest" name="validatePhonepe" time="2.518"/>
  <testcase classname="com.testscripts.LoginWithMobileAmazonPayTest" name="validateAmazonPe" time="0.181"/>
  <testcase classname="com.testscripts.LoginWithMobileAmazonPayTest" name="validateAmazonOrderMessage" time="2.264"/>
  <testcase classname="com.testscripts.LoginWithMobileAmazonPayTest" name="validateOrderIdVip_amazonpay" time="0.89"/>
  <testcase classname="com.testscripts.LoginWithMobileAmazonPayTest" name="validateAttendeeDetails_MobileloginViewTicketsFreeAmazonP" time="0.751"/>
  <testcase classname="com.testscripts.LoginWithMobileUpiPayTest" name="validateMobileLogin_MbUpi" time="61.062">
    <failure type="org.openqa.selenium.ElementNotInteractableException" message="element not interactable
  (Session info: chrome=122.0.6261.112)
Build info: version: &amp;apos;3.141.0&amp;apos;, revision: &amp;apos;2ecb7d9a&amp;apos;, time: &amp;apos;2018-10-31T20:09:30&amp;apos;
System info: host: &amp;apos;WINDOWS-I42JNHR&amp;apos;, ip: &amp;apos;192.168.0.111&amp;apos;, os.name: &amp;apos;Windows 11&amp;apos;, os.arch: &amp;apos;amd64&amp;apos;, os.version: &amp;apos;10.0&amp;apos;, java.version: &amp;apos;17.0.10&amp;apos;
Driver info: org.openqa.selenium.chrome.ChromeDriver
Capabilities {acceptInsecureCerts: false, browserName: chrome, browserVersion: 122.0.6261.112, chrome: {chromedriverVersion: 121.0.6167.184 (057a8ae7deb..., userDataDir: C:\Users\COREVA~1\AppData\L...}, fedcm:accounts: true, goog:chromeOptions: {debuggerAddress: localhost:61966}, javascriptEnabled: true, networkConnectionEnabled: false, pageLoadStrategy: normal, platform: WINDOWS, platformName: WINDOWS, proxy: Proxy(), setWindowRect: true, strictFileInteractability: false, timeouts: {implicit: 0, pageLoad: 300000, script: 30000}, unhandledPromptBehavior: dismiss and notify, webauthn:extension:credBlob: true, webauthn:extension:largeBlob: true, webauthn:extension:minPinLength: true, webauthn:extension:prf: true, webauthn:virtualAuthenticators: true}
Session ID: b8b9ab9ef5c4451c5c746e18b23dffbb">
      <![CDATA[org.openqa.selenium.ElementNotInteractableException: element not interactable
  (Session info: chrome=122.0.6261.112)
Build info: version: '3.141.0', revision: '2ecb7d9a', time: '2018-10-31T20:09:30'
System info: host: 'WINDOWS-I42JNHR', ip: '192.168.0.111', os.name: 'Windows 11', os.arch: 'amd64', os.version: '10.0', java.version: '17.0.10'
Driver info: org.openqa.selenium.chrome.ChromeDriver
Capabilities {acceptInsecureCerts: false, browserName: chrome, browserVersion: 122.0.6261.112, chrome: {chromedriverVersion: 121.0.6167.184 (057a8ae7deb..., userDataDir: C:\Users\COREVA~1\AppData\L...}, fedcm:accounts: true, goog:chromeOptions: {debuggerAddress: localhost:61966}, javascriptEnabled: true, networkConnectionEnabled: false, pageLoadStrategy: normal, platform: WINDOWS, platformName: WINDOWS, proxy: Proxy(), setWindowRect: true, strictFileInteractability: false, timeouts: {implicit: 0, pageLoad: 300000, script: 30000}, unhandledPromptBehavior: dismiss and notify, webauthn:extension:credBlob: true, webauthn:extension:largeBlob: true, webauthn:extension:minPinLength: true, webauthn:extension:prf: true, webauthn:virtualAuthenticators: true}
Session ID: b8b9ab9ef5c4451c5c746e18b23dffbb
at org.openqa.selenium.remote.http.W3CHttpResponseCodec.createException(W3CHttpResponseCodec.java:187)
at org.openqa.selenium.remote.http.W3CHttpResponseCodec.decode(W3CHttpResponseCodec.java:122)
at org.openqa.selenium.remote.http.W3CHttpResponseCodec.decode(W3CHttpResponseCodec.java:49)
at org.openqa.selenium.remote.HttpCommandExecutor.execute(HttpCommandExecutor.java:158)
at org.openqa.selenium.remote.service.DriverCommandExecutor.execute(DriverCommandExecutor.java:83)
at org.openqa.selenium.remote.RemoteWebDriver.execute(RemoteWebDriver.java:552)
at org.openqa.selenium.remote.RemoteWebElement.execute(RemoteWebElement.java:285)
at org.openqa.selenium.remote.RemoteWebElement.click(RemoteWebElement.java:84)
at org.openqa.selenium.support.pagefactory.internal.LocatingElementHandler.invoke(LocatingElementHandler.java:51)
at jdk.proxy2/jdk.proxy2.$Proxy13.click(Unknown Source)
at com.pages.LoginWithMobileUpiPay.verifyMobileLogin(LoginWithMobileUpiPay.java:68)
at com.testscripts.LoginWithMobileUpiPayTest.validateMobileLogin_MbUpi(LoginWithMobileUpiPayTest.java:50)
at java.base/java.util.ArrayList.forEach(ArrayList.java:1511)
... Removed 35 stack frames]]>
    </failure>
  </testcase> <!-- validateMobileLogin_MbUpi -->
  <testcase classname="com.testscripts.LoginWithMobileUpiPayTest" name="validateDisableEmail_MbUpi" time="0.56"/>
  <testcase classname="com.testscripts.LoginWithMobileUpiPayTest" name="validateOrderConfirmation_MbUpi" time="0.845"/>
  <testcase classname="com.testscripts.LoginWithMobileUpiPayTest" name="validateCoupon" time="0.41"/>
  <testcase classname="com.testscripts.LoginWithMobileUpiPayTest" name="validateCouponRemove" time="0.051"/>
  <testcase classname="com.testscripts.LoginWithMobileUpiPayTest" name="validateWhatsappIsPresent" time="0.309"/>
  <testcase classname="com.testscripts.LoginWithMobileUpiPayTest" name="validatePaymentUrl" time="0.247"/>
  <testcase classname="com.testscripts.LoginWithMobileUpiPayTest" name="validatePhonepe" time="3.131"/>
  <testcase classname="com.testscripts.LoginWithMobileUpiPayTest" name="validateAmazonPe" time="0.153"/>
  <testcase classname="com.testscripts.LoginWithMobileUpiPayTest" name="validateAttendeeDetails_MobileloginViewTicketsUpi" time="30.049">
    <failure type="org.openqa.selenium.NoSuchElementException" message="no such element: Unable to locate element: {&amp;quot;method&amp;quot;:&amp;quot;xpath&amp;quot;,&amp;quot;selector&amp;quot;:&amp;quot;(//button[@onclick=&amp;apos;return ViewMyTicket(this);&amp;apos;])[1]&amp;quot;}
  (Session info: chrome=122.0.6261.112)
For documentation on this error, please visit: http://seleniumhq.org/exceptions/no_such_element.html
Build info: version: &amp;apos;3.141.0&amp;apos;, revision: &amp;apos;2ecb7d9a&amp;apos;, time: &amp;apos;2018-10-31T20:09:30&amp;apos;
System info: host: &amp;apos;WINDOWS-I42JNHR&amp;apos;, ip: &amp;apos;192.168.0.111&amp;apos;, os.name: &amp;apos;Windows 11&amp;apos;, os.arch: &amp;apos;amd64&amp;apos;, os.version: &amp;apos;10.0&amp;apos;, java.version: &amp;apos;17.0.10&amp;apos;
Driver info: org.openqa.selenium.chrome.ChromeDriver
Capabilities {acceptInsecureCerts: false, browserName: chrome, browserVersion: 122.0.6261.112, chrome: {chromedriverVersion: 121.0.6167.184 (057a8ae7deb..., userDataDir: C:\Users\COREVA~1\AppData\L...}, fedcm:accounts: true, goog:chromeOptions: {debuggerAddress: localhost:61966}, javascriptEnabled: true, networkConnectionEnabled: false, pageLoadStrategy: normal, platform: WINDOWS, platformName: WINDOWS, proxy: Proxy(), setWindowRect: true, strictFileInteractability: false, timeouts: {implicit: 0, pageLoad: 300000, script: 30000}, unhandledPromptBehavior: dismiss and notify, webauthn:extension:credBlob: true, webauthn:extension:largeBlob: true, webauthn:extension:minPinLength: true, webauthn:extension:prf: true, webauthn:virtualAuthenticators: true}
Session ID: b8b9ab9ef5c4451c5c746e18b23dffbb
*** Element info: {Using=xpath, value=(//button[@onclick=&amp;apos;return ViewMyTicket(this);&amp;apos;])[1]}">
      <![CDATA[org.openqa.selenium.NoSuchElementException: no such element: Unable to locate element: {"method":"xpath","selector":"(//button[@onclick='return ViewMyTicket(this);'])[1]"}
  (Session info: chrome=122.0.6261.112)
For documentation on this error, please visit: http://seleniumhq.org/exceptions/no_such_element.html
Build info: version: '3.141.0', revision: '2ecb7d9a', time: '2018-10-31T20:09:30'
System info: host: 'WINDOWS-I42JNHR', ip: '192.168.0.111', os.name: 'Windows 11', os.arch: 'amd64', os.version: '10.0', java.version: '17.0.10'
Driver info: org.openqa.selenium.chrome.ChromeDriver
Capabilities {acceptInsecureCerts: false, browserName: chrome, browserVersion: 122.0.6261.112, chrome: {chromedriverVersion: 121.0.6167.184 (057a8ae7deb..., userDataDir: C:\Users\COREVA~1\AppData\L...}, fedcm:accounts: true, goog:chromeOptions: {debuggerAddress: localhost:61966}, javascriptEnabled: true, networkConnectionEnabled: false, pageLoadStrategy: normal, platform: WINDOWS, platformName: WINDOWS, proxy: Proxy(), setWindowRect: true, strictFileInteractability: false, timeouts: {implicit: 0, pageLoad: 300000, script: 30000}, unhandledPromptBehavior: dismiss and notify, webauthn:extension:credBlob: true, webauthn:extension:largeBlob: true, webauthn:extension:minPinLength: true, webauthn:extension:prf: true, webauthn:virtualAuthenticators: true}
Session ID: b8b9ab9ef5c4451c5c746e18b23dffbb
*** Element info: {Using=xpath, value=(//button[@onclick='return ViewMyTicket(this);'])[1]}
at org.openqa.selenium.remote.http.W3CHttpResponseCodec.createException(W3CHttpResponseCodec.java:187)
at org.openqa.selenium.remote.http.W3CHttpResponseCodec.decode(W3CHttpResponseCodec.java:122)
at org.openqa.selenium.remote.http.W3CHttpResponseCodec.decode(W3CHttpResponseCodec.java:49)
at org.openqa.selenium.remote.HttpCommandExecutor.execute(HttpCommandExecutor.java:158)
at org.openqa.selenium.remote.service.DriverCommandExecutor.execute(DriverCommandExecutor.java:83)
at org.openqa.selenium.remote.RemoteWebDriver.execute(RemoteWebDriver.java:552)
at org.openqa.selenium.remote.RemoteWebDriver.findElement(RemoteWebDriver.java:323)
at org.openqa.selenium.remote.RemoteWebDriver.findElementByXPath(RemoteWebDriver.java:428)
at org.openqa.selenium.By$ByXPath.findElement(By.java:353)
at org.openqa.selenium.remote.RemoteWebDriver.findElement(RemoteWebDriver.java:315)
at org.openqa.selenium.support.pagefactory.DefaultElementLocator.findElement(DefaultElementLocator.java:69)
at org.openqa.selenium.support.pagefactory.internal.LocatingElementHandler.invoke(LocatingElementHandler.java:38)
at jdk.proxy2/jdk.proxy2.$Proxy13.click(Unknown Source)
at com.pages.LoginWithMobileFree.verifyAttendeeDetailsInViewTickets(LoginWithMobileFree.java:304)
at com.testscripts.LoginWithMobileUpiPayTest.validateAttendeeDetails_MobileloginViewTicketsUpi(LoginWithMobileUpiPayTest.java:136)
at java.base/java.util.ArrayList.forEach(ArrayList.java:1511)
... Removed 32 stack frames]]>
    </failure>
  </testcase> <!-- validateAttendeeDetails_MobileloginViewTicketsUpi -->
  <testcase classname="com.testscripts.LoginWithMobileUpiPayTest" name="validatephoenpeOrderMessage" time="3.063"/>
  <testcase classname="com.testscripts.LoginWithMobileUpiPayTest" name="validateOrderIdVip" time="0.916"/>
</testsuite> <!-- Test -->
