<?xml version="1.0" encoding="UTF-8"?>
<testng-results ignored="0" total="9" passed="8" failed="1" skipped="0">
  <reporter-output>
  </reporter-output>
  <suite started-at="2024-03-26T15:57:13 IST" name="Default suite" finished-at="2024-03-26T15:58:59 IST" duration-ms="105340">
    <groups>
    </groups>
    <test started-at="2024-03-26T15:57:13 IST" name="Default test" finished-at="2024-03-26T15:58:59 IST" duration-ms="105340">
      <class name="applicationtests.OrderValidation">
        <test-method is-config="true" signature="setup()[pri:0, instance:applicationtests.OrderValidation@273e7444]" started-at="2024-03-26T15:57:13 IST" name="setup" finished-at="2024-03-26T15:58:24 IST" duration-ms="70577" status="PASS">
          <reporter-output>
          </reporter-output>
        </test-method> <!-- setup -->
        <test-method signature="validateAppLogin([Ljava.lang.String;)[pri:1, instance:applicationtests.OrderValidation@273e7444]" started-at="2024-03-26T15:58:26 IST" name="validateAppLogin" data-provider="dataFetch" finished-at="2024-03-26T15:58:31 IST" duration-ms="4899" status="PASS">
          <params>
            <param index="0">
              <value>
                <![CDATA[[Ljava.lang.String;@14ef2482]]>
              </value>
            </param>
          </params>
          <reporter-output>
          </reporter-output>
        </test-method> <!-- validateAppLogin -->
        <test-method is-config="true" signature="teardown(org.testng.ITestResult)[pri:0, instance:applicationtests.OrderValidation@273e7444]" started-at="2024-03-26T15:58:31 IST" name="teardown" finished-at="2024-03-26T15:58:31 IST" duration-ms="1" status="PASS">
          <params>
            <param index="0">
              <value>
                <![CDATA[[TestResult name=validateAppLogin status=SUCCESS method=OrderValidation.validateAppLogin([Ljava.lang.String;)[pri:1, instance:applicationtests.OrderValidation@273e7444] output={null}]]]>
              </value>
            </param>
          </params>
          <reporter-output>
          </reporter-output>
        </test-method> <!-- teardown -->
        <test-method signature="validateCheckIn()[pri:2, instance:applicationtests.OrderValidation@273e7444]" started-at="2024-03-26T15:58:31 IST" name="validateCheckIn" finished-at="2024-03-26T15:58:35 IST" duration-ms="4095" status="PASS">
          <reporter-output>
          </reporter-output>
        </test-method> <!-- validateCheckIn -->
        <test-method is-config="true" signature="teardown(org.testng.ITestResult)[pri:0, instance:applicationtests.OrderValidation@273e7444]" started-at="2024-03-26T15:58:35 IST" name="teardown" finished-at="2024-03-26T15:58:35 IST" duration-ms="0" status="PASS">
          <params>
            <param index="0">
              <value>
                <![CDATA[[TestResult name=validateCheckIn status=SUCCESS method=OrderValidation.validateCheckIn()[pri:2, instance:applicationtests.OrderValidation@273e7444] output={null}]]]>
              </value>
            </param>
          </params>
          <reporter-output>
          </reporter-output>
        </test-method> <!-- teardown -->
        <test-method signature="validateSearch([Ljava.lang.String;)[pri:3, instance:applicationtests.OrderValidation@273e7444]" started-at="2024-03-26T15:58:35 IST" name="validateSearch" data-provider="dataFetch2" finished-at="2024-03-26T15:58:57 IST" duration-ms="22438" status="PASS">
          <params>
            <param index="0">
              <value>
                <![CDATA[[Ljava.lang.String;@1f0b3cfe]]>
              </value>
            </param>
          </params>
          <reporter-output>
          </reporter-output>
        </test-method> <!-- validateSearch -->
        <test-method is-config="true" signature="teardown(org.testng.ITestResult)[pri:0, instance:applicationtests.OrderValidation@273e7444]" started-at="2024-03-26T15:58:57 IST" name="teardown" finished-at="2024-03-26T15:58:57 IST" duration-ms="0" status="PASS">
          <params>
            <param index="0">
              <value>
                <![CDATA[[TestResult name=validateSearch status=SUCCESS method=OrderValidation.validateSearch([Ljava.lang.String;)[pri:3, instance:applicationtests.OrderValidation@273e7444] output={null}]]]>
              </value>
            </param>
          </params>
          <reporter-output>
          </reporter-output>
        </test-method> <!-- teardown -->
        <test-method signature="validateCartTest([Ljava.lang.String;)[pri:4, instance:applicationtests.OrderValidation@273e7444]" started-at="2024-03-26T15:58:58 IST" name="validateCartTest" data-provider="dataFetch2" finished-at="2024-03-26T15:58:58 IST" duration-ms="48" status="PASS">
          <params>
            <param index="0">
              <value>
                <![CDATA[[Ljava.lang.String;@75483843]]>
              </value>
            </param>
          </params>
          <reporter-output>
          </reporter-output>
        </test-method> <!-- validateCartTest -->
        <test-method is-config="true" signature="teardown(org.testng.ITestResult)[pri:0, instance:applicationtests.OrderValidation@273e7444]" started-at="2024-03-26T15:58:58 IST" name="teardown" finished-at="2024-03-26T15:58:58 IST" duration-ms="1" status="PASS">
          <params>
            <param index="0">
              <value>
                <![CDATA[[TestResult name=validateCartTest status=SUCCESS method=OrderValidation.validateCartTest([Ljava.lang.String;)[pri:4, instance:applicationtests.OrderValidation@273e7444] output={null}]]]>
              </value>
            </param>
          </params>
          <reporter-output>
          </reporter-output>
        </test-method> <!-- teardown -->
        <test-method signature="validateDiscount([Ljava.lang.String;)[pri:5, instance:applicationtests.OrderValidation@273e7444]" started-at="2024-03-26T15:58:58 IST" name="validateDiscount" data-provider="dataFetch2" finished-at="2024-03-26T15:58:58 IST" duration-ms="59" status="PASS">
          <params>
            <param index="0">
              <value>
                <![CDATA[[Ljava.lang.String;@5ec4ff02]]>
              </value>
            </param>
          </params>
          <reporter-output>
          </reporter-output>
        </test-method> <!-- validateDiscount -->
        <test-method is-config="true" signature="teardown(org.testng.ITestResult)[pri:0, instance:applicationtests.OrderValidation@273e7444]" started-at="2024-03-26T15:58:58 IST" name="teardown" finished-at="2024-03-26T15:58:58 IST" duration-ms="0" status="PASS">
          <params>
            <param index="0">
              <value>
                <![CDATA[[TestResult name=validateDiscount status=SUCCESS method=OrderValidation.validateDiscount([Ljava.lang.String;)[pri:5, instance:applicationtests.OrderValidation@273e7444] output={null}]]]>
              </value>
            </param>
          </params>
          <reporter-output>
          </reporter-output>
        </test-method> <!-- teardown -->
        <test-method signature="validatePlatformFee([Ljava.lang.String;)[pri:6, instance:applicationtests.OrderValidation@273e7444]" started-at="2024-03-26T15:58:58 IST" name="validatePlatformFee" data-provider="dataFetch2" finished-at="2024-03-26T15:58:58 IST" duration-ms="50" status="PASS">
          <params>
            <param index="0">
              <value>
                <![CDATA[[Ljava.lang.String;@65a48602]]>
              </value>
            </param>
          </params>
          <reporter-output>
          </reporter-output>
        </test-method> <!-- validatePlatformFee -->
        <test-method is-config="true" signature="teardown(org.testng.ITestResult)[pri:0, instance:applicationtests.OrderValidation@273e7444]" started-at="2024-03-26T15:58:58 IST" name="teardown" finished-at="2024-03-26T15:58:58 IST" duration-ms="1" status="PASS">
          <params>
            <param index="0">
              <value>
                <![CDATA[[TestResult name=validatePlatformFee status=SUCCESS method=OrderValidation.validatePlatformFee([Ljava.lang.String;)[pri:6, instance:applicationtests.OrderValidation@273e7444] output={null}]]]>
              </value>
            </param>
          </params>
          <reporter-output>
          </reporter-output>
        </test-method> <!-- teardown -->
        <test-method signature="validatePayment_Collected([Ljava.lang.String;)[pri:7, instance:applicationtests.OrderValidation@273e7444]" started-at="2024-03-26T15:58:58 IST" name="validatePayment_Collected" data-provider="dataFetch2" finished-at="2024-03-26T15:58:58 IST" duration-ms="53" status="FAIL">
          <params>
            <param index="0">
              <value>
                <![CDATA[[Ljava.lang.String;@7903d448]]>
              </value>
            </param>
          </params>
          <exception class="java.lang.AssertionError">
            <message>
              <![CDATA[expected [1] but found [2]]]>
            </message>
            <full-stacktrace>
              <![CDATA[java.lang.AssertionError: expected [1] but found [2]
at org.testng.Assert.fail(Assert.java:99)
at org.testng.Assert.failNotEquals(Assert.java:1037)
at org.testng.Assert.assertEqualsImpl(Assert.java:140)
at org.testng.Assert.assertEquals(Assert.java:122)
at org.testng.Assert.assertEquals(Assert.java:629)
at org.testng.Assert.assertEquals(Assert.java:639)
at com.appPages.verifyIWillPay_razor.verifyPaymentCollected(verifyIWillPay_razor.java:192)
at applicationtests.OrderValidation.validatePayment_Collected(OrderValidation.java:86)
at java.base/jdk.internal.reflect.NativeMethodAccessorImpl.invoke0(Native Method)
at java.base/jdk.internal.reflect.NativeMethodAccessorImpl.invoke(NativeMethodAccessorImpl.java:77)
at java.base/jdk.internal.reflect.DelegatingMethodAccessorImpl.invoke(DelegatingMethodAccessorImpl.java:43)
at java.base/java.lang.reflect.Method.invoke(Method.java:568)
at org.testng.internal.MethodInvocationHelper.invokeMethod(MethodInvocationHelper.java:133)
at org.testng.internal.TestInvoker.invokeMethod(TestInvoker.java:598)
at org.testng.internal.TestInvoker.invokeTestMethod(TestInvoker.java:173)
at org.testng.internal.MethodRunner.runInSequence(MethodRunner.java:46)
at org.testng.internal.TestInvoker$MethodInvocationAgent.invoke(TestInvoker.java:824)
at org.testng.internal.TestInvoker.invokeTestMethods(TestInvoker.java:146)
at org.testng.internal.TestMethodWorker.invokeTestMethods(TestMethodWorker.java:146)
at org.testng.internal.TestMethodWorker.run(TestMethodWorker.java:128)
at java.base/java.util.ArrayList.forEach(ArrayList.java:1511)
at org.testng.TestRunner.privateRun(TestRunner.java:794)
at org.testng.TestRunner.run(TestRunner.java:596)
at org.testng.SuiteRunner.runTest(SuiteRunner.java:377)
at org.testng.SuiteRunner.runSequentially(SuiteRunner.java:371)
at org.testng.SuiteRunner.privateRun(SuiteRunner.java:332)
at org.testng.SuiteRunner.run(SuiteRunner.java:276)
at org.testng.SuiteRunnerWorker.runSuite(SuiteRunnerWorker.java:53)
at org.testng.SuiteRunnerWorker.run(SuiteRunnerWorker.java:96)
at org.testng.TestNG.runSuitesSequentially(TestNG.java:1212)
at org.testng.TestNG.runSuitesLocally(TestNG.java:1134)
at org.testng.TestNG.runSuites(TestNG.java:1063)
at org.testng.TestNG.run(TestNG.java:1031)
at org.testng.remote.AbstractRemoteTestNG.run(AbstractRemoteTestNG.java:115)
at org.testng.remote.RemoteTestNG.initAndRun(RemoteTestNG.java:251)
at org.testng.remote.RemoteTestNG.main(RemoteTestNG.java:77)
]]>
            </full-stacktrace>
          </exception> <!-- java.lang.AssertionError -->
          <reporter-output>
          </reporter-output>
        </test-method> <!-- validatePayment_Collected -->
        <test-method is-config="true" signature="teardown(org.testng.ITestResult)[pri:0, instance:applicationtests.OrderValidation@273e7444]" started-at="2024-03-26T15:58:58 IST" name="teardown" finished-at="2024-03-26T15:58:58 IST" duration-ms="213" status="PASS">
          <params>
            <param index="0">
              <value>
                <![CDATA[[TestResult name=validatePayment_Collected status=FAILURE method=OrderValidation.validatePayment_Collected([Ljava.lang.String;)[pri:7, instance:applicationtests.OrderValidation@273e7444] output={null}]]]>
              </value>
            </param>
          </params>
          <reporter-output>
          </reporter-output>
        </test-method> <!-- teardown -->
        <test-method signature="validateRazorpay_charges([Ljava.lang.String;)[pri:8, instance:applicationtests.OrderValidation@273e7444]" started-at="2024-03-26T15:58:58 IST" name="validateRazorpay_charges" data-provider="dataFetch2" finished-at="2024-03-26T15:58:59 IST" duration-ms="77" status="PASS">
          <params>
            <param index="0">
              <value>
                <![CDATA[[Ljava.lang.String;@336206d8]]>
              </value>
            </param>
          </params>
          <reporter-output>
          </reporter-output>
        </test-method> <!-- validateRazorpay_charges -->
        <test-method is-config="true" signature="teardown(org.testng.ITestResult)[pri:0, instance:applicationtests.OrderValidation@273e7444]" started-at="2024-03-26T15:58:59 IST" name="teardown" finished-at="2024-03-26T15:58:59 IST" duration-ms="1" status="PASS">
          <params>
            <param index="0">
              <value>
                <![CDATA[[TestResult name=validateRazorpay_charges status=SUCCESS method=OrderValidation.validateRazorpay_charges([Ljava.lang.String;)[pri:8, instance:applicationtests.OrderValidation@273e7444] output={null}]]]>
              </value>
            </param>
          </params>
          <reporter-output>
          </reporter-output>
        </test-method> <!-- teardown -->
        <test-method signature="validateAmount_owe([Ljava.lang.String;)[pri:9, instance:applicationtests.OrderValidation@273e7444]" started-at="2024-03-26T15:58:59 IST" name="validateAmount_owe" data-provider="dataFetch2" finished-at="2024-03-26T15:58:59 IST" duration-ms="50" status="PASS">
          <params>
            <param index="0">
              <value>
                <![CDATA[[Ljava.lang.String;@1f11f64e]]>
              </value>
            </param>
          </params>
          <reporter-output>
          </reporter-output>
        </test-method> <!-- validateAmount_owe -->
        <test-method is-config="true" signature="teardown(org.testng.ITestResult)[pri:0, instance:applicationtests.OrderValidation@273e7444]" started-at="2024-03-26T15:58:59 IST" name="teardown" finished-at="2024-03-26T15:58:59 IST" duration-ms="0" status="PASS">
          <params>
            <param index="0">
              <value>
                <![CDATA[[TestResult name=validateAmount_owe status=SUCCESS method=OrderValidation.validateAmount_owe([Ljava.lang.String;)[pri:9, instance:applicationtests.OrderValidation@273e7444] output={null}]]]>
              </value>
            </param>
          </params>
          <reporter-output>
          </reporter-output>
        </test-method> <!-- teardown -->
      </class> <!-- applicationtests.OrderValidation -->
    </test> <!-- Default test -->
  </suite> <!-- Default suite -->
</testng-results>
