<?xml version="1.0" encoding="UTF-8"?>
<testng-results ignored="0" total="12" passed="11" failed="1" skipped="0">
  <reporter-output>
  </reporter-output>
  <suite started-at="2024-02-29T16:05:15 IST" name="Default suite" finished-at="2024-02-29T16:06:41 IST" duration-ms="85504">
    <groups>
    </groups>
    <test started-at="2024-02-29T16:05:15 IST" name="Default test" finished-at="2024-02-29T16:06:41 IST" duration-ms="85504">
      <class name="com.testscripts.LoginWithMobileAmazonPayTest">
        <test-method is-config="true" signature="setup()[pri:0, instance:com.testscripts.LoginWithMobileAmazonPayTest@272113c4]" started-at="2024-02-29T16:05:15 IST" name="setup" finished-at="2024-02-29T16:05:21 IST" duration-ms="6095" status="PASS">
          <reporter-output>
          </reporter-output>
        </test-method> <!-- setup -->
        <test-method signature="validateMobileLogin_MbUpi([Ljava.lang.String;)[pri:1, instance:com.testscripts.LoginWithMobileAmazonPayTest@272113c4]" started-at="2024-02-29T16:05:22 IST" name="validateMobileLogin_MbUpi" data-provider="dataFetch" finished-at="2024-02-29T16:05:54 IST" duration-ms="31684" status="PASS">
          <params>
            <param index="0">
              <value>
                <![CDATA[[Ljava.lang.String;@656922a0]]>
              </value>
            </param>
          </params>
          <reporter-output>
          </reporter-output>
        </test-method> <!-- validateMobileLogin_MbUpi -->
        <test-method is-config="true" signature="teardown(org.testng.ITestResult)[pri:0, instance:com.testscripts.LoginWithMobileAmazonPayTest@272113c4]" started-at="2024-02-29T16:05:54 IST" name="teardown" finished-at="2024-02-29T16:05:54 IST" duration-ms="0" status="PASS">
          <params>
            <param index="0">
              <value>
                <![CDATA[[TestResult name=validateMobileLogin_MbUpi status=SUCCESS method=LoginWithMobileAmazonPayTest.validateMobileLogin_MbUpi([Ljava.lang.String;)[pri:1, instance:com.testscripts.LoginWithMobileAmazonPayTest@272113c4] output={null}]]]>
              </value>
            </param>
          </params>
          <reporter-output>
          </reporter-output>
        </test-method> <!-- teardown -->
        <test-method signature="validateDisableEmail_MbUpi([Ljava.lang.String;)[pri:2, instance:com.testscripts.LoginWithMobileAmazonPayTest@272113c4]" started-at="2024-02-29T16:05:54 IST" name="validateDisableEmail_MbUpi" data-provider="dataFetch" finished-at="2024-02-29T16:05:55 IST" duration-ms="791" status="PASS">
          <params>
            <param index="0">
              <value>
                <![CDATA[[Ljava.lang.String;@2538bc06]]>
              </value>
            </param>
          </params>
          <reporter-output>
          </reporter-output>
        </test-method> <!-- validateDisableEmail_MbUpi -->
        <test-method is-config="true" signature="teardown(org.testng.ITestResult)[pri:0, instance:com.testscripts.LoginWithMobileAmazonPayTest@272113c4]" started-at="2024-02-29T16:05:55 IST" name="teardown" finished-at="2024-02-29T16:05:55 IST" duration-ms="0" status="PASS">
          <params>
            <param index="0">
              <value>
                <![CDATA[[TestResult name=validateDisableEmail_MbUpi status=SUCCESS method=LoginWithMobileAmazonPayTest.validateDisableEmail_MbUpi([Ljava.lang.String;)[pri:2, instance:com.testscripts.LoginWithMobileAmazonPayTest@272113c4] output={null}]]]>
              </value>
            </param>
          </params>
          <reporter-output>
          </reporter-output>
        </test-method> <!-- teardown -->
        <test-method signature="validateOrderConfirmation_MbUpi([Ljava.lang.String;)[pri:3, instance:com.testscripts.LoginWithMobileAmazonPayTest@272113c4]" started-at="2024-02-29T16:05:55 IST" name="validateOrderConfirmation_MbUpi" data-provider="dataFetch" finished-at="2024-02-29T16:05:55 IST" duration-ms="60" status="PASS">
          <params>
            <param index="0">
              <value>
                <![CDATA[[Ljava.lang.String;@737db7f8]]>
              </value>
            </param>
          </params>
          <reporter-output>
          </reporter-output>
        </test-method> <!-- validateOrderConfirmation_MbUpi -->
        <test-method is-config="true" signature="teardown(org.testng.ITestResult)[pri:0, instance:com.testscripts.LoginWithMobileAmazonPayTest@272113c4]" started-at="2024-02-29T16:05:55 IST" name="teardown" finished-at="2024-02-29T16:05:55 IST" duration-ms="0" status="PASS">
          <params>
            <param index="0">
              <value>
                <![CDATA[[TestResult name=validateOrderConfirmation_MbUpi status=SUCCESS method=LoginWithMobileAmazonPayTest.validateOrderConfirmation_MbUpi([Ljava.lang.String;)[pri:3, instance:com.testscripts.LoginWithMobileAmazonPayTest@272113c4] output={null}]]]>
              </value>
            </param>
          </params>
          <reporter-output>
          </reporter-output>
        </test-method> <!-- teardown -->
        <test-method signature="validateCoupon([Ljava.lang.String;)[pri:4, instance:com.testscripts.LoginWithMobileAmazonPayTest@272113c4]" started-at="2024-02-29T16:05:55 IST" name="validateCoupon" data-provider="dataFetch" finished-at="2024-02-29T16:05:56 IST" duration-ms="1020" status="PASS">
          <params>
            <param index="0">
              <value>
                <![CDATA[[Ljava.lang.String;@2440022a]]>
              </value>
            </param>
          </params>
          <reporter-output>
          </reporter-output>
        </test-method> <!-- validateCoupon -->
        <test-method is-config="true" signature="teardown(org.testng.ITestResult)[pri:0, instance:com.testscripts.LoginWithMobileAmazonPayTest@272113c4]" started-at="2024-02-29T16:05:56 IST" name="teardown" finished-at="2024-02-29T16:05:56 IST" duration-ms="0" status="PASS">
          <params>
            <param index="0">
              <value>
                <![CDATA[[TestResult name=validateCoupon status=SUCCESS method=LoginWithMobileAmazonPayTest.validateCoupon([Ljava.lang.String;)[pri:4, instance:com.testscripts.LoginWithMobileAmazonPayTest@272113c4] output={null}]]]>
              </value>
            </param>
          </params>
          <reporter-output>
          </reporter-output>
        </test-method> <!-- teardown -->
        <test-method signature="validateCouponRemove()[pri:5, instance:com.testscripts.LoginWithMobileAmazonPayTest@272113c4]" started-at="2024-02-29T16:05:56 IST" name="validateCouponRemove" finished-at="2024-02-29T16:05:56 IST" duration-ms="120" status="PASS">
          <reporter-output>
          </reporter-output>
        </test-method> <!-- validateCouponRemove -->
        <test-method is-config="true" signature="teardown(org.testng.ITestResult)[pri:0, instance:com.testscripts.LoginWithMobileAmazonPayTest@272113c4]" started-at="2024-02-29T16:05:56 IST" name="teardown" finished-at="2024-02-29T16:05:56 IST" duration-ms="0" status="PASS">
          <params>
            <param index="0">
              <value>
                <![CDATA[[TestResult name=validateCouponRemove status=SUCCESS method=LoginWithMobileAmazonPayTest.validateCouponRemove()[pri:5, instance:com.testscripts.LoginWithMobileAmazonPayTest@272113c4] output={null}]]]>
              </value>
            </param>
          </params>
          <reporter-output>
          </reporter-output>
        </test-method> <!-- teardown -->
        <test-method signature="validateWhatsappIsPresent([Ljava.lang.String;)[pri:6, instance:com.testscripts.LoginWithMobileAmazonPayTest@272113c4]" started-at="2024-02-29T16:05:56 IST" name="validateWhatsappIsPresent" data-provider="dataFetch" finished-at="2024-02-29T16:05:57 IST" duration-ms="516" status="PASS">
          <params>
            <param index="0">
              <value>
                <![CDATA[[Ljava.lang.String;@44784e2f]]>
              </value>
            </param>
          </params>
          <reporter-output>
          </reporter-output>
        </test-method> <!-- validateWhatsappIsPresent -->
        <test-method signature="validatePaymentUrl()[pri:7, instance:com.testscripts.LoginWithMobileAmazonPayTest@272113c4]" started-at="2024-02-29T16:05:57 IST" name="validatePaymentUrl" finished-at="2024-02-29T16:05:57 IST" duration-ms="429" status="PASS">
          <reporter-output>
          </reporter-output>
        </test-method> <!-- validatePaymentUrl -->
        <test-method is-config="true" signature="teardown(org.testng.ITestResult)[pri:0, instance:com.testscripts.LoginWithMobileAmazonPayTest@272113c4]" started-at="2024-02-29T16:05:57 IST" name="teardown" finished-at="2024-02-29T16:05:57 IST" duration-ms="0" status="PASS">
          <params>
            <param index="0">
              <value>
                <![CDATA[[TestResult name=validateWhatsappIsPresent status=SUCCESS method=LoginWithMobileAmazonPayTest.validateWhatsappIsPresent([Ljava.lang.String;)[pri:6, instance:com.testscripts.LoginWithMobileAmazonPayTest@272113c4] output={null}]]]>
              </value>
            </param>
          </params>
          <reporter-output>
          </reporter-output>
        </test-method> <!-- teardown -->
        <test-method is-config="true" signature="teardown(org.testng.ITestResult)[pri:0, instance:com.testscripts.LoginWithMobileAmazonPayTest@272113c4]" started-at="2024-02-29T16:05:57 IST" name="teardown" finished-at="2024-02-29T16:05:57 IST" duration-ms="0" status="PASS">
          <params>
            <param index="0">
              <value>
                <![CDATA[[TestResult name=validatePaymentUrl status=SUCCESS method=LoginWithMobileAmazonPayTest.validatePaymentUrl()[pri:7, instance:com.testscripts.LoginWithMobileAmazonPayTest@272113c4] output={null}]]]>
              </value>
            </param>
          </params>
          <reporter-output>
          </reporter-output>
        </test-method> <!-- teardown -->
        <test-method signature="validatePhonepe()[pri:8, instance:com.testscripts.LoginWithMobileAmazonPayTest@272113c4]" started-at="2024-02-29T16:05:57 IST" name="validatePhonepe" finished-at="2024-02-29T16:05:58 IST" duration-ms="960" status="PASS">
          <reporter-output>
          </reporter-output>
        </test-method> <!-- validatePhonepe -->
        <test-method is-config="true" signature="teardown(org.testng.ITestResult)[pri:0, instance:com.testscripts.LoginWithMobileAmazonPayTest@272113c4]" started-at="2024-02-29T16:05:58 IST" name="teardown" finished-at="2024-02-29T16:05:58 IST" duration-ms="0" status="PASS">
          <params>
            <param index="0">
              <value>
                <![CDATA[[TestResult name=validatePhonepe status=SUCCESS method=LoginWithMobileAmazonPayTest.validatePhonepe()[pri:8, instance:com.testscripts.LoginWithMobileAmazonPayTest@272113c4] output={null}]]]>
              </value>
            </param>
          </params>
          <reporter-output>
          </reporter-output>
        </test-method> <!-- teardown -->
        <test-method signature="validateAmazonPe()[pri:9, instance:com.testscripts.LoginWithMobileAmazonPayTest@272113c4]" started-at="2024-02-29T16:05:58 IST" name="validateAmazonPe" finished-at="2024-02-29T16:05:59 IST" duration-ms="267" status="PASS">
          <reporter-output>
          </reporter-output>
        </test-method> <!-- validateAmazonPe -->
        <test-method is-config="true" signature="teardown(org.testng.ITestResult)[pri:0, instance:com.testscripts.LoginWithMobileAmazonPayTest@272113c4]" started-at="2024-02-29T16:05:59 IST" name="teardown" finished-at="2024-02-29T16:05:59 IST" duration-ms="0" status="PASS">
          <params>
            <param index="0">
              <value>
                <![CDATA[[TestResult name=validateAmazonPe status=SUCCESS method=LoginWithMobileAmazonPayTest.validateAmazonPe()[pri:9, instance:com.testscripts.LoginWithMobileAmazonPayTest@272113c4] output={null}]]]>
              </value>
            </param>
          </params>
          <reporter-output>
          </reporter-output>
        </test-method> <!-- teardown -->
        <test-method signature="validateAmazonOrderMessage([Ljava.lang.String;)[pri:10, instance:com.testscripts.LoginWithMobileAmazonPayTest@272113c4]" started-at="2024-02-29T16:05:59 IST" name="validateAmazonOrderMessage" data-provider="dataFetch" finished-at="2024-02-29T16:06:09 IST" duration-ms="10242" status="PASS">
          <params>
            <param index="0">
              <value>
                <![CDATA[[Ljava.lang.String;@61f6d381]]>
              </value>
            </param>
          </params>
          <reporter-output>
          </reporter-output>
        </test-method> <!-- validateAmazonOrderMessage -->
        <test-method is-config="true" signature="teardown(org.testng.ITestResult)[pri:0, instance:com.testscripts.LoginWithMobileAmazonPayTest@272113c4]" started-at="2024-02-29T16:06:09 IST" name="teardown" finished-at="2024-02-29T16:06:09 IST" duration-ms="0" status="PASS">
          <params>
            <param index="0">
              <value>
                <![CDATA[[TestResult name=validateAmazonOrderMessage status=SUCCESS method=LoginWithMobileAmazonPayTest.validateAmazonOrderMessage([Ljava.lang.String;)[pri:10, instance:com.testscripts.LoginWithMobileAmazonPayTest@272113c4] output={null}]]]>
              </value>
            </param>
          </params>
          <reporter-output>
          </reporter-output>
        </test-method> <!-- teardown -->
        <test-method signature="validateRegisterBtn()[pri:11, instance:com.testscripts.LoginWithMobileAmazonPayTest@272113c4]" started-at="2024-02-29T16:06:09 IST" name="validateRegisterBtn" finished-at="2024-02-29T16:06:39 IST" duration-ms="30047" status="FAIL">
          <exception class="org.openqa.selenium.NoSuchElementException">
            <message>
              <![CDATA[no such element: Unable to locate element: {"method":"xpath","selector":"//button[@onclick='return OpenCompleteProfile(this);']"}
  (Session info: chrome=121.0.6167.189)
For documentation on this error, please visit: http://seleniumhq.org/exceptions/no_such_element.html
Build info: version: '3.141.0', revision: '2ecb7d9a', time: '2018-10-31T20:09:30'
System info: host: 'WINDOWS-I42JNHR', ip: '192.168.0.111', os.name: 'Windows 11', os.arch: 'amd64', os.version: '10.0', java.version: '17.0.10'
Driver info: org.openqa.selenium.chrome.ChromeDriver
Capabilities {acceptInsecureCerts: false, browserName: chrome, browserVersion: 121.0.6167.189, chrome: {chromedriverVersion: 121.0.6167.184 (057a8ae7deb..., userDataDir: C:\Users\COREVA~1\AppData\L...}, fedcm:accounts: true, goog:chromeOptions: {debuggerAddress: localhost:56873}, javascriptEnabled: true, networkConnectionEnabled: false, pageLoadStrategy: normal, platform: WINDOWS, platformName: WINDOWS, proxy: Proxy(), setWindowRect: true, strictFileInteractability: false, timeouts: {implicit: 0, pageLoad: 300000, script: 30000}, unhandledPromptBehavior: dismiss and notify, webauthn:extension:credBlob: true, webauthn:extension:largeBlob: true, webauthn:extension:minPinLength: true, webauthn:extension:prf: true, webauthn:virtualAuthenticators: true}
Session ID: 3b7f8f726f7ebd6dcb3f28178acf23bb
*** Element info: {Using=xpath, value=//button[@onclick='return OpenCompleteProfile(this);']}]]>
            </message>
            <full-stacktrace>
              <![CDATA[org.openqa.selenium.NoSuchElementException: no such element: Unable to locate element: {"method":"xpath","selector":"//button[@onclick='return OpenCompleteProfile(this);']"}
  (Session info: chrome=121.0.6167.189)
For documentation on this error, please visit: http://seleniumhq.org/exceptions/no_such_element.html
Build info: version: '3.141.0', revision: '2ecb7d9a', time: '2018-10-31T20:09:30'
System info: host: 'WINDOWS-I42JNHR', ip: '192.168.0.111', os.name: 'Windows 11', os.arch: 'amd64', os.version: '10.0', java.version: '17.0.10'
Driver info: org.openqa.selenium.chrome.ChromeDriver
Capabilities {acceptInsecureCerts: false, browserName: chrome, browserVersion: 121.0.6167.189, chrome: {chromedriverVersion: 121.0.6167.184 (057a8ae7deb..., userDataDir: C:\Users\COREVA~1\AppData\L...}, fedcm:accounts: true, goog:chromeOptions: {debuggerAddress: localhost:56873}, javascriptEnabled: true, networkConnectionEnabled: false, pageLoadStrategy: normal, platform: WINDOWS, platformName: WINDOWS, proxy: Proxy(), setWindowRect: true, strictFileInteractability: false, timeouts: {implicit: 0, pageLoad: 300000, script: 30000}, unhandledPromptBehavior: dismiss and notify, webauthn:extension:credBlob: true, webauthn:extension:largeBlob: true, webauthn:extension:minPinLength: true, webauthn:extension:prf: true, webauthn:virtualAuthenticators: true}
Session ID: 3b7f8f726f7ebd6dcb3f28178acf23bb
*** Element info: {Using=xpath, value=//button[@onclick='return OpenCompleteProfile(this);']}
at java.base/jdk.internal.reflect.NativeConstructorAccessorImpl.newInstance0(Native Method)
at java.base/jdk.internal.reflect.NativeConstructorAccessorImpl.newInstance(NativeConstructorAccessorImpl.java:77)
at java.base/jdk.internal.reflect.DelegatingConstructorAccessorImpl.newInstance(DelegatingConstructorAccessorImpl.java:45)
at java.base/java.lang.reflect.Constructor.newInstanceWithCaller(Constructor.java:499)
at java.base/java.lang.reflect.Constructor.newInstance(Constructor.java:480)
at org.openqa.selenium.remote.http.W3CHttpResponseCodec.createException(W3CHttpResponseCodec.java:187)
at org.openqa.selenium.remote.http.W3CHttpResponseCodec.decode(W3CHttpResponseCodec.java:122)
at org.openqa.selenium.remote.http.W3CHttpResponseCodec.decode(W3CHttpResponseCodec.java:49)
at org.openqa.selenium.remote.HttpCommandExecutor.execute(HttpCommandExecutor.java:158)
at org.openqa.selenium.remote.service.DriverCommandExecutor.execute(DriverCommandExecutor.java:83)
at org.openqa.selenium.remote.RemoteWebDriver.execute(RemoteWebDriver.java:552)
at org.openqa.selenium.remote.RemoteWebDriver.findElement(RemoteWebDriver.java:323)
at org.openqa.selenium.remote.RemoteWebDriver.findElementByXPath(RemoteWebDriver.java:428)
at org.openqa.selenium.By$ByXPath.findElement(By.java:353)
at org.openqa.selenium.remote.RemoteWebDriver.findElement(RemoteWebDriver.java:315)
at org.openqa.selenium.support.pagefactory.DefaultElementLocator.findElement(DefaultElementLocator.java:69)
at org.openqa.selenium.support.pagefactory.internal.LocatingElementHandler.invoke(LocatingElementHandler.java:38)
at jdk.proxy2/jdk.proxy2.$Proxy13.isDisplayed(Unknown Source)
at com.pages.LoginWithExistingEmailUpiPayment.verifyCompleteRegisterbutton(LoginWithExistingEmailUpiPayment.java:171)
at com.testscripts.LoginWithMobileAmazonPayTest.validateRegisterBtn(LoginWithMobileAmazonPayTest.java:125)
at java.base/jdk.internal.reflect.NativeMethodAccessorImpl.invoke0(Native Method)
at java.base/jdk.internal.reflect.NativeMethodAccessorImpl.invoke(NativeMethodAccessorImpl.java:77)
at java.base/jdk.internal.reflect.DelegatingMethodAccessorImpl.invoke(DelegatingMethodAccessorImpl.java:43)
at java.base/java.lang.reflect.Method.invoke(Method.java:568)
at org.testng.internal.MethodInvocationHelper.invokeMethod(MethodInvocationHelper.java:133)
at org.testng.internal.TestInvoker.invokeMethod(TestInvoker.java:598)
at org.testng.internal.TestInvoker.invokeTestMethod(TestInvoker.java:173)
at org.testng.internal.MethodRunner.runInSequence(MethodRunner.java:46)
at org.testng.internal.TestInvoker$MethodInvocationAgent.invoke(TestInvoker.java:824)
at org.testng.internal.TestInvoker.invokeTestMethods(TestInvoker.java:146)
at org.testng.internal.TestMethodWorker.invokeTestMethods(TestMethodWorker.java:146)
at org.testng.internal.TestMethodWorker.run(TestMethodWorker.java:128)
at java.base/java.util.ArrayList.forEach(ArrayList.java:1511)
at org.testng.TestRunner.privateRun(TestRunner.java:794)
at org.testng.TestRunner.run(TestRunner.java:596)
at org.testng.SuiteRunner.runTest(SuiteRunner.java:377)
at org.testng.SuiteRunner.runSequentially(SuiteRunner.java:371)
at org.testng.SuiteRunner.privateRun(SuiteRunner.java:332)
at org.testng.SuiteRunner.run(SuiteRunner.java:276)
at org.testng.SuiteRunnerWorker.runSuite(SuiteRunnerWorker.java:53)
at org.testng.SuiteRunnerWorker.run(SuiteRunnerWorker.java:96)
at org.testng.TestNG.runSuitesSequentially(TestNG.java:1212)
at org.testng.TestNG.runSuitesLocally(TestNG.java:1134)
at org.testng.TestNG.runSuites(TestNG.java:1063)
at org.testng.TestNG.run(TestNG.java:1031)
at org.testng.remote.AbstractRemoteTestNG.run(AbstractRemoteTestNG.java:115)
at org.testng.remote.RemoteTestNG.initAndRun(RemoteTestNG.java:251)
at org.testng.remote.RemoteTestNG.main(RemoteTestNG.java:77)
]]>
            </full-stacktrace>
          </exception> <!-- org.openqa.selenium.NoSuchElementException -->
          <reporter-output>
          </reporter-output>
        </test-method> <!-- validateRegisterBtn -->
        <test-method is-config="true" signature="teardown(org.testng.ITestResult)[pri:0, instance:com.testscripts.LoginWithMobileAmazonPayTest@272113c4]" started-at="2024-02-29T16:06:39 IST" name="teardown" finished-at="2024-02-29T16:06:39 IST" duration-ms="310" status="PASS">
          <params>
            <param index="0">
              <value>
                <![CDATA[[TestResult name=validateRegisterBtn status=FAILURE method=LoginWithMobileAmazonPayTest.validateRegisterBtn()[pri:11, instance:com.testscripts.LoginWithMobileAmazonPayTest@272113c4] output={null}]]]>
              </value>
            </param>
          </params>
          <reporter-output>
          </reporter-output>
        </test-method> <!-- teardown -->
        <test-method signature="validateOrderIdVip_amazonpay()[pri:12, instance:com.testscripts.LoginWithMobileAmazonPayTest@272113c4]" started-at="2024-02-29T16:06:39 IST" name="validateOrderIdVip_amazonpay" finished-at="2024-02-29T16:06:41 IST" duration-ms="1446" status="PASS">
          <reporter-output>
          </reporter-output>
        </test-method> <!-- validateOrderIdVip_amazonpay -->
        <test-method is-config="true" signature="teardown(org.testng.ITestResult)[pri:0, instance:com.testscripts.LoginWithMobileAmazonPayTest@272113c4]" started-at="2024-02-29T16:06:41 IST" name="teardown" finished-at="2024-02-29T16:06:41 IST" duration-ms="0" status="PASS">
          <params>
            <param index="0">
              <value>
                <![CDATA[[TestResult name=validateOrderIdVip_amazonpay status=SUCCESS method=LoginWithMobileAmazonPayTest.validateOrderIdVip_amazonpay()[pri:12, instance:com.testscripts.LoginWithMobileAmazonPayTest@272113c4] output={null}]]]>
              </value>
            </param>
          </params>
          <reporter-output>
          </reporter-output>
        </test-method> <!-- teardown -->
      </class> <!-- com.testscripts.LoginWithMobileAmazonPayTest -->
    </test> <!-- Default test -->
  </suite> <!-- Default suite -->
</testng-results>
