<?xml version="1.0" encoding="UTF-8"?>
<testng-results ignored="0" total="7" passed="7" failed="0" skipped="0">
  <reporter-output>
  </reporter-output>
  <suite started-at="2024-02-29T18:53:11 IST" name="Default suite" finished-at="2024-02-29T18:53:32 IST" duration-ms="20894">
    <groups>
    </groups>
    <test started-at="2024-02-29T18:53:11 IST" name="Default test" finished-at="2024-02-29T18:53:32 IST" duration-ms="20894">
      <class name="com.testscripts.LoginWithExistingEmailFreeTest">
        <test-method is-config="true" signature="setup()[pri:0, instance:com.testscripts.LoginWithExistingEmailFreeTest@4efac082]" started-at="2024-02-29T18:53:11 IST" name="setup" finished-at="2024-02-29T18:53:15 IST" duration-ms="3818" status="PASS">
          <reporter-output>
          </reporter-output>
        </test-method> <!-- setup -->
        <test-method signature="validateMobileWithExistingEmail_free([Ljava.lang.String;)[pri:1, instance:com.testscripts.LoginWithExistingEmailFreeTest@4efac082]" started-at="2024-02-29T18:53:16 IST" name="validateMobileWithExistingEmail_free" data-provider="dataFetch" finished-at="2024-02-29T18:53:17 IST" duration-ms="1016" status="PASS">
          <params>
            <param index="0">
              <value>
                <![CDATA[[Ljava.lang.String;@1dba4e06]]>
              </value>
            </param>
          </params>
          <reporter-output>
          </reporter-output>
        </test-method> <!-- validateMobileWithExistingEmail_free -->
        <test-method signature="validateDisableEmail__freeExistingEmail([Ljava.lang.String;)[pri:2, instance:com.testscripts.LoginWithExistingEmailFreeTest@4efac082]" started-at="2024-02-29T18:53:17 IST" name="validateDisableEmail__freeExistingEmail" data-provider="dataFetch" finished-at="2024-02-29T18:53:17 IST" duration-ms="514" status="PASS">
          <params>
            <param index="0">
              <value>
                <![CDATA[[Ljava.lang.String;@4beaf6bd]]>
              </value>
            </param>
          </params>
          <reporter-output>
          </reporter-output>
        </test-method> <!-- validateDisableEmail__freeExistingEmail -->
        <test-method signature="validateOrderConfirmation__freeExistingEmail([Ljava.lang.String;)[pri:3, instance:com.testscripts.LoginWithExistingEmailFreeTest@4efac082]" started-at="2024-02-29T18:53:17 IST" name="validateOrderConfirmation__freeExistingEmail" data-provider="dataFetch" finished-at="2024-02-29T18:53:17 IST" duration-ms="57" status="PASS">
          <params>
            <param index="0">
              <value>
                <![CDATA[[Ljava.lang.String;@65bdd558]]>
              </value>
            </param>
          </params>
          <reporter-output>
          </reporter-output>
        </test-method> <!-- validateOrderConfirmation__freeExistingEmail -->
        <test-method signature="validateWhatsappIsPresent_freeExistingEmail()[pri:4, instance:com.testscripts.LoginWithExistingEmailFreeTest@4efac082]" started-at="2024-02-29T18:53:17 IST" name="validateWhatsappIsPresent_freeExistingEmail" finished-at="2024-02-29T18:53:17 IST" duration-ms="102" status="PASS">
          <reporter-output>
          </reporter-output>
        </test-method> <!-- validateWhatsappIsPresent_freeExistingEmail -->
        <test-method signature="validateOrderSuccessPage_freeExistingEmail()[pri:5, instance:com.testscripts.LoginWithExistingEmailFreeTest@4efac082]" started-at="2024-02-29T18:53:17 IST" name="validateOrderSuccessPage_freeExistingEmail" finished-at="2024-02-29T18:53:30 IST" duration-ms="12506" status="PASS">
          <reporter-output>
          </reporter-output>
        </test-method> <!-- validateOrderSuccessPage_freeExistingEmail -->
        <test-method signature="validateOrderID_freeExistingEmail()[pri:6, instance:com.testscripts.LoginWithExistingEmailFreeTest@4efac082]" started-at="2024-02-29T18:53:30 IST" name="validateOrderID_freeExistingEmail" finished-at="2024-02-29T18:53:30 IST" duration-ms="650" status="PASS">
          <reporter-output>
          </reporter-output>
        </test-method> <!-- validateOrderID_freeExistingEmail -->
        <test-method signature="verifyBuyerdetails_Mbfree([Ljava.lang.String;)[pri:7, instance:com.testscripts.LoginWithExistingEmailFreeTest@4efac082]" started-at="2024-02-29T18:53:31 IST" name="verifyBuyerdetails_Mbfree" data-provider="dataFetch" finished-at="2024-02-29T18:53:32 IST" duration-ms="1243" status="PASS">
          <params>
            <param index="0">
              <value>
                <![CDATA[[Ljava.lang.String;@6b2e46af]]>
              </value>
            </param>
          </params>
          <reporter-output>
          </reporter-output>
        </test-method> <!-- verifyBuyerdetails_Mbfree -->
      </class> <!-- com.testscripts.LoginWithExistingEmailFreeTest -->
    </test> <!-- Default test -->
  </suite> <!-- Default suite -->
</testng-results>
