<?xml version="1.0" encoding="UTF-8"?>
<testng-results ignored="0" total="6" passed="6" failed="0" skipped="0">
  <reporter-output>
  </reporter-output>
  <suite started-at="2024-02-20T18:59:04 IST" name="Default suite" finished-at="2024-02-20T18:59:41 IST" duration-ms="36760">
    <groups>
    </groups>
    <test started-at="2024-02-20T18:59:04 IST" name="Default test" finished-at="2024-02-20T18:59:41 IST" duration-ms="36760">
      <class name="com.testscripts.LoginGoogleTests">
        <test-method is-config="true" signature="setup()[pri:0, instance:com.testscripts.LoginGoogleTests@82de64a]" started-at="2024-02-20T18:59:04 IST" name="setup" finished-at="2024-02-20T18:59:09 IST" duration-ms="5080" status="PASS">
          <reporter-output>
          </reporter-output>
        </test-method> <!-- setup -->
        <test-method signature="ValidateGoogleSigninDisablemail([Ljava.lang.String;)[pri:1, instance:com.testscripts.LoginGoogleTests@82de64a]" started-at="2024-02-20T18:59:10 IST" name="ValidateGoogleSigninDisablemail" data-provider="dataFetch" finished-at="2024-02-20T18:59:24 IST" duration-ms="13710" status="PASS">
          <params>
            <param index="0">
              <value>
                <![CDATA[[Ljava.lang.String;@60f70249]]>
              </value>
            </param>
          </params>
          <reporter-output>
          </reporter-output>
        </test-method> <!-- ValidateGoogleSigninDisablemail -->
        <test-method signature="ValidateWhatsappConfig()[pri:2, instance:com.testscripts.LoginGoogleTests@82de64a]" started-at="2024-02-20T18:59:24 IST" name="ValidateWhatsappConfig" finished-at="2024-02-20T18:59:24 IST" duration-ms="79" status="PASS">
          <reporter-output>
          </reporter-output>
        </test-method> <!-- ValidateWhatsappConfig -->
        <test-method signature="ValidateAttendee_orderconfrm([Ljava.lang.String;)[pri:3, instance:com.testscripts.LoginGoogleTests@82de64a]" started-at="2024-02-20T18:59:24 IST" name="ValidateAttendee_orderconfrm" data-provider="dataFetch" finished-at="2024-02-20T18:59:36 IST" duration-ms="12120" status="PASS">
          <params>
            <param index="0">
              <value>
                <![CDATA[[Ljava.lang.String;@31ee2fdb]]>
              </value>
            </param>
          </params>
          <reporter-output>
          </reporter-output>
        </test-method> <!-- ValidateAttendee_orderconfrm -->
        <test-method signature="validateViewTicketUrl()[pri:4, instance:com.testscripts.LoginGoogleTests@82de64a]" started-at="2024-02-20T18:59:36 IST" name="validateViewTicketUrl" finished-at="2024-02-20T18:59:37 IST" duration-ms="1181" status="PASS">
          <reporter-output>
          </reporter-output>
        </test-method> <!-- validateViewTicketUrl -->
        <test-method signature="ValidateRegUrl()[pri:5, instance:com.testscripts.LoginGoogleTests@82de64a]" started-at="2024-02-20T18:59:37 IST" name="ValidateRegUrl" finished-at="2024-02-20T18:59:40 IST" duration-ms="2899" status="PASS">
          <reporter-output>
          </reporter-output>
        </test-method> <!-- ValidateRegUrl -->
        <test-method signature="ValidateOrderId()[pri:6, instance:com.testscripts.LoginGoogleTests@82de64a]" started-at="2024-02-20T18:59:40 IST" name="ValidateOrderId" finished-at="2024-02-20T18:59:41 IST" duration-ms="835" status="PASS">
          <reporter-output>
          </reporter-output>
        </test-method> <!-- ValidateOrderId -->
      </class> <!-- com.testscripts.LoginGoogleTests -->
    </test> <!-- Default test -->
  </suite> <!-- Default suite -->
</testng-results>
