<?xml version="1.0" encoding="UTF-8"?>
<testng-results ignored="0" total="10" passed="9" failed="1" skipped="0">
  <reporter-output>
  </reporter-output>
  <suite started-at="2024-03-13T18:33:39 IST" name="Default suite" finished-at="2024-03-13T18:34:09 IST" duration-ms="30034">
    <groups>
    </groups>
    <test started-at="2024-03-13T18:33:39 IST" name="Default test" finished-at="2024-03-13T18:34:09 IST" duration-ms="30034">
      <class name="com.testscripts.LoginGoogleTests">
        <test-method is-config="true" signature="setup()[pri:0, instance:com.testscripts.LoginGoogleTests@52b1beb6]" started-at="2024-03-13T18:33:39 IST" name="setup" finished-at="2024-03-13T18:33:44 IST" duration-ms="4607" status="PASS">
          <reporter-output>
          </reporter-output>
        </test-method> <!-- setup -->
        <test-method signature="validateDisablemail_google([Ljava.lang.String;)[pri:1, instance:com.testscripts.LoginGoogleTests@52b1beb6]" started-at="2024-03-13T18:33:45 IST" name="validateDisablemail_google" data-provider="dataFetch" finished-at="2024-03-13T18:33:58 IST" duration-ms="13643" status="FAIL">
          <params>
            <param index="0">
              <value>
                <![CDATA[[Ljava.lang.String;@411a5965]]>
              </value>
            </param>
          </params>
          <exception class="java.lang.AssertionError">
            <message>
              <![CDATA[expected [false] but found [true]]]>
            </message>
            <full-stacktrace>
              <![CDATA[java.lang.AssertionError: expected [false] but found [true]
at org.testng.Assert.fail(Assert.java:99)
at org.testng.Assert.failNotEquals(Assert.java:1037)
at org.testng.Assert.assertFalse(Assert.java:67)
at org.testng.Assert.assertFalse(Assert.java:77)
at com.pages.LoginWithGoogle.VerifyGooglesignIn(LoginWithGoogle.java:176)
at com.testscripts.LoginGoogleTests.validateDisablemail_google(LoginGoogleTests.java:68)
at java.base/jdk.internal.reflect.NativeMethodAccessorImpl.invoke0(Native Method)
at java.base/jdk.internal.reflect.NativeMethodAccessorImpl.invoke(NativeMethodAccessorImpl.java:77)
at java.base/jdk.internal.reflect.DelegatingMethodAccessorImpl.invoke(DelegatingMethodAccessorImpl.java:43)
at java.base/java.lang.reflect.Method.invoke(Method.java:568)
at org.testng.internal.MethodInvocationHelper.invokeMethod(MethodInvocationHelper.java:133)
at org.testng.internal.TestInvoker.invokeMethod(TestInvoker.java:598)
at org.testng.internal.TestInvoker.invokeTestMethod(TestInvoker.java:173)
at org.testng.internal.MethodRunner.runInSequence(MethodRunner.java:46)
at org.testng.internal.TestInvoker$MethodInvocationAgent.invoke(TestInvoker.java:824)
at org.testng.internal.TestInvoker.invokeTestMethods(TestInvoker.java:146)
at org.testng.internal.TestMethodWorker.invokeTestMethods(TestMethodWorker.java:146)
at org.testng.internal.TestMethodWorker.run(TestMethodWorker.java:128)
at java.base/java.util.ArrayList.forEach(ArrayList.java:1511)
at org.testng.TestRunner.privateRun(TestRunner.java:794)
at org.testng.TestRunner.run(TestRunner.java:596)
at org.testng.SuiteRunner.runTest(SuiteRunner.java:377)
at org.testng.SuiteRunner.runSequentially(SuiteRunner.java:371)
at org.testng.SuiteRunner.privateRun(SuiteRunner.java:332)
at org.testng.SuiteRunner.run(SuiteRunner.java:276)
at org.testng.SuiteRunnerWorker.runSuite(SuiteRunnerWorker.java:53)
at org.testng.SuiteRunnerWorker.run(SuiteRunnerWorker.java:96)
at org.testng.TestNG.runSuitesSequentially(TestNG.java:1212)
at org.testng.TestNG.runSuitesLocally(TestNG.java:1134)
at org.testng.TestNG.runSuites(TestNG.java:1063)
at org.testng.TestNG.run(TestNG.java:1031)
at org.testng.remote.AbstractRemoteTestNG.run(AbstractRemoteTestNG.java:115)
at org.testng.remote.RemoteTestNG.initAndRun(RemoteTestNG.java:251)
at org.testng.remote.RemoteTestNG.main(RemoteTestNG.java:77)
]]>
            </full-stacktrace>
          </exception> <!-- java.lang.AssertionError -->
          <reporter-output>
          </reporter-output>
        </test-method> <!-- validateDisablemail_google -->
        <test-method is-config="true" signature="teardown(org.testng.ITestResult)[pri:0, instance:com.testscripts.LoginGoogleTests@52b1beb6]" started-at="2024-03-13T18:33:58 IST" name="teardown" finished-at="2024-03-13T18:33:58 IST" duration-ms="166" status="PASS">
          <params>
            <param index="0">
              <value>
                <![CDATA[[TestResult name=validateDisablemail_google status=FAILURE method=LoginGoogleTests.validateDisablemail_google([Ljava.lang.String;)[pri:1, instance:com.testscripts.LoginGoogleTests@52b1beb6] output={null}]]]>
              </value>
            </param>
          </params>
          <reporter-output>
          </reporter-output>
        </test-method> <!-- teardown -->
        <test-method signature="ValidateWhatsappConfigEnable([Ljava.lang.String;)[pri:2, instance:com.testscripts.LoginGoogleTests@52b1beb6]" started-at="2024-03-13T18:33:58 IST" name="ValidateWhatsappConfigEnable" data-provider="dataFetch" finished-at="2024-03-13T18:33:59 IST" duration-ms="502" status="PASS">
          <params>
            <param index="0">
              <value>
                <![CDATA[[Ljava.lang.String;@71b639d0]]>
              </value>
            </param>
          </params>
          <reporter-output>
          </reporter-output>
        </test-method> <!-- ValidateWhatsappConfigEnable -->
        <test-method is-config="true" signature="teardown(org.testng.ITestResult)[pri:0, instance:com.testscripts.LoginGoogleTests@52b1beb6]" started-at="2024-03-13T18:33:59 IST" name="teardown" finished-at="2024-03-13T18:33:59 IST" duration-ms="0" status="PASS">
          <params>
            <param index="0">
              <value>
                <![CDATA[[TestResult name=ValidateWhatsappConfigEnable status=SUCCESS method=LoginGoogleTests.ValidateWhatsappConfigEnable([Ljava.lang.String;)[pri:2, instance:com.testscripts.LoginGoogleTests@52b1beb6] output={null}]]]>
              </value>
            </param>
          </params>
          <reporter-output>
          </reporter-output>
        </test-method> <!-- teardown -->
        <test-method signature="validateTicketForAttendee_google([Ljava.lang.String;)[pri:3, instance:com.testscripts.LoginGoogleTests@52b1beb6]" started-at="2024-03-13T18:33:59 IST" name="validateTicketForAttendee_google" data-provider="dataFetch" finished-at="2024-03-13T18:34:00 IST" duration-ms="1051" status="PASS">
          <params>
            <param index="0">
              <value>
                <![CDATA[[Ljava.lang.String;@17aa8a11]]>
              </value>
            </param>
          </params>
          <reporter-output>
          </reporter-output>
        </test-method> <!-- validateTicketForAttendee_google -->
        <test-method is-config="true" signature="teardown(org.testng.ITestResult)[pri:0, instance:com.testscripts.LoginGoogleTests@52b1beb6]" started-at="2024-03-13T18:34:00 IST" name="teardown" finished-at="2024-03-13T18:34:00 IST" duration-ms="0" status="PASS">
          <params>
            <param index="0">
              <value>
                <![CDATA[[TestResult name=validateTicketForAttendee_google status=SUCCESS method=LoginGoogleTests.validateTicketForAttendee_google([Ljava.lang.String;)[pri:3, instance:com.testscripts.LoginGoogleTests@52b1beb6] output={null}]]]>
              </value>
            </param>
          </params>
          <reporter-output>
          </reporter-output>
        </test-method> <!-- teardown -->
        <test-method signature="validateOrderSuccessMessage()[pri:4, instance:com.testscripts.LoginGoogleTests@52b1beb6]" started-at="2024-03-13T18:34:00 IST" name="validateOrderSuccessMessage" finished-at="2024-03-13T18:34:02 IST" duration-ms="2285" status="PASS">
          <reporter-output>
          </reporter-output>
        </test-method> <!-- validateOrderSuccessMessage -->
        <test-method signature="validateViewTicketUrl_google()[pri:5, instance:com.testscripts.LoginGoogleTests@52b1beb6]" started-at="2024-03-13T18:34:02 IST" name="validateViewTicketUrl_google" finished-at="2024-03-13T18:34:04 IST" duration-ms="1176" status="PASS">
          <reporter-output>
          </reporter-output>
        </test-method> <!-- validateViewTicketUrl_google -->
        <test-method is-config="true" signature="teardown(org.testng.ITestResult)[pri:0, instance:com.testscripts.LoginGoogleTests@52b1beb6]" started-at="2024-03-13T18:34:02 IST" name="teardown" finished-at="2024-03-13T18:34:02 IST" duration-ms="0" status="PASS">
          <params>
            <param index="0">
              <value>
                <![CDATA[[TestResult name=validateOrderSuccessMessage status=SUCCESS method=LoginGoogleTests.validateOrderSuccessMessage()[pri:4, instance:com.testscripts.LoginGoogleTests@52b1beb6] output={null}]]]>
              </value>
            </param>
          </params>
          <reporter-output>
          </reporter-output>
        </test-method> <!-- teardown -->
        <test-method signature="ValidateRegUrl_google()[pri:6, instance:com.testscripts.LoginGoogleTests@52b1beb6]" started-at="2024-03-13T18:34:04 IST" name="ValidateRegUrl_google" finished-at="2024-03-13T18:34:06 IST" duration-ms="2773" status="PASS">
          <reporter-output>
          </reporter-output>
        </test-method> <!-- ValidateRegUrl_google -->
        <test-method is-config="true" signature="teardown(org.testng.ITestResult)[pri:0, instance:com.testscripts.LoginGoogleTests@52b1beb6]" started-at="2024-03-13T18:34:04 IST" name="teardown" finished-at="2024-03-13T18:34:04 IST" duration-ms="0" status="PASS">
          <params>
            <param index="0">
              <value>
                <![CDATA[[TestResult name=validateViewTicketUrl_google status=SUCCESS method=LoginGoogleTests.validateViewTicketUrl_google()[pri:5, instance:com.testscripts.LoginGoogleTests@52b1beb6] output={null}]]]>
              </value>
            </param>
          </params>
          <reporter-output>
          </reporter-output>
        </test-method> <!-- teardown -->
        <test-method is-config="true" signature="teardown(org.testng.ITestResult)[pri:0, instance:com.testscripts.LoginGoogleTests@52b1beb6]" started-at="2024-03-13T18:34:06 IST" name="teardown" finished-at="2024-03-13T18:34:06 IST" duration-ms="0" status="PASS">
          <params>
            <param index="0">
              <value>
                <![CDATA[[TestResult name=ValidateRegUrl_google status=SUCCESS method=LoginGoogleTests.ValidateRegUrl_google()[pri:6, instance:com.testscripts.LoginGoogleTests@52b1beb6] output={null}]]]>
              </value>
            </param>
          </params>
          <reporter-output>
          </reporter-output>
        </test-method> <!-- teardown -->
        <test-method signature="ValidateOrderId_google()[pri:7, instance:com.testscripts.LoginGoogleTests@52b1beb6]" started-at="2024-03-13T18:34:06 IST" name="ValidateOrderId_google" finished-at="2024-03-13T18:34:07 IST" duration-ms="1052" status="PASS">
          <reporter-output>
          </reporter-output>
        </test-method> <!-- ValidateOrderId_google -->
        <test-method is-config="true" signature="teardown(org.testng.ITestResult)[pri:0, instance:com.testscripts.LoginGoogleTests@52b1beb6]" started-at="2024-03-13T18:34:07 IST" name="teardown" finished-at="2024-03-13T18:34:07 IST" duration-ms="0" status="PASS">
          <params>
            <param index="0">
              <value>
                <![CDATA[[TestResult name=ValidateOrderId_google status=SUCCESS method=LoginGoogleTests.ValidateOrderId_google()[pri:7, instance:com.testscripts.LoginGoogleTests@52b1beb6] output={null}]]]>
              </value>
            </param>
          </params>
          <reporter-output>
          </reporter-output>
        </test-method> <!-- teardown -->
        <test-method signature="validateBuyerDetails_google([Ljava.lang.String;)[pri:8, instance:com.testscripts.LoginGoogleTests@52b1beb6]" started-at="2024-03-13T18:34:07 IST" name="validateBuyerDetails_google" data-provider="dataFetch" finished-at="2024-03-13T18:34:08 IST" duration-ms="566" status="PASS">
          <params>
            <param index="0">
              <value>
                <![CDATA[[Ljava.lang.String;@5d5b9ecb]]>
              </value>
            </param>
          </params>
          <reporter-output>
          </reporter-output>
        </test-method> <!-- validateBuyerDetails_google -->
        <test-method is-config="true" signature="teardown(org.testng.ITestResult)[pri:0, instance:com.testscripts.LoginGoogleTests@52b1beb6]" started-at="2024-03-13T18:34:08 IST" name="teardown" finished-at="2024-03-13T18:34:08 IST" duration-ms="1" status="PASS">
          <params>
            <param index="0">
              <value>
                <![CDATA[[TestResult name=validateBuyerDetails_google status=SUCCESS method=LoginGoogleTests.validateBuyerDetails_google([Ljava.lang.String;)[pri:8, instance:com.testscripts.LoginGoogleTests@52b1beb6] output={null}]]]>
              </value>
            </param>
          </params>
          <reporter-output>
          </reporter-output>
        </test-method> <!-- teardown -->
        <test-method signature="validateAttendeeDetails_googleloginViewTickets([Ljava.lang.String;)[pri:9, instance:com.testscripts.LoginGoogleTests@52b1beb6]" started-at="2024-03-13T18:34:08 IST" name="validateAttendeeDetails_googleloginViewTickets" data-provider="dataFetch" finished-at="2024-03-13T18:34:08 IST" duration-ms="391" status="PASS">
          <params>
            <param index="0">
              <value>
                <![CDATA[[Ljava.lang.String;@18a25bbd]]>
              </value>
            </param>
          </params>
          <reporter-output>
          </reporter-output>
        </test-method> <!-- validateAttendeeDetails_googleloginViewTickets -->
        <test-method is-config="true" signature="teardown(org.testng.ITestResult)[pri:0, instance:com.testscripts.LoginGoogleTests@52b1beb6]" started-at="2024-03-13T18:34:08 IST" name="teardown" finished-at="2024-03-13T18:34:08 IST" duration-ms="0" status="PASS">
          <params>
            <param index="0">
              <value>
                <![CDATA[[TestResult name=validateAttendeeDetails_googleloginViewTickets status=SUCCESS method=LoginGoogleTests.validateAttendeeDetails_googleloginViewTickets([Ljava.lang.String;)[pri:9, instance:com.testscripts.LoginGoogleTests@52b1beb6] output={null}]]]>
              </value>
            </param>
          </params>
          <reporter-output>
          </reporter-output>
        </test-method> <!-- teardown -->
        <test-method signature="validateAttendeeDetails_googleCompleteReg([Ljava.lang.String;)[pri:10, instance:com.testscripts.LoginGoogleTests@52b1beb6]" started-at="2024-03-13T18:34:08 IST" name="validateAttendeeDetails_googleCompleteReg" data-provider="dataFetch" finished-at="2024-03-13T18:34:09 IST" duration-ms="721" status="PASS">
          <params>
            <param index="0">
              <value>
                <![CDATA[[Ljava.lang.String;@1ee27d73]]>
              </value>
            </param>
          </params>
          <reporter-output>
          </reporter-output>
        </test-method> <!-- validateAttendeeDetails_googleCompleteReg -->
        <test-method is-config="true" signature="teardown(org.testng.ITestResult)[pri:0, instance:com.testscripts.LoginGoogleTests@52b1beb6]" started-at="2024-03-13T18:34:09 IST" name="teardown" finished-at="2024-03-13T18:34:09 IST" duration-ms="1" status="PASS">
          <params>
            <param index="0">
              <value>
                <![CDATA[[TestResult name=validateAttendeeDetails_googleCompleteReg status=SUCCESS method=LoginGoogleTests.validateAttendeeDetails_googleCompleteReg([Ljava.lang.String;)[pri:10, instance:com.testscripts.LoginGoogleTests@52b1beb6] output={null}]]]>
              </value>
            </param>
          </params>
          <reporter-output>
          </reporter-output>
        </test-method> <!-- teardown -->
      </class> <!-- com.testscripts.LoginGoogleTests -->
    </test> <!-- Default test -->
  </suite> <!-- Default suite -->
</testng-results>
