<?xml version="1.0" encoding="UTF-8"?>
<testng-results ignored="0" total="9" passed="9" failed="0" skipped="0">
  <reporter-output>
  </reporter-output>
  <suite started-at="2024-03-22T16:41:34 IST" name="Default suite" finished-at="2024-03-22T16:42:21 IST" duration-ms="47229">
    <groups>
    </groups>
    <test started-at="2024-03-22T16:41:34 IST" name="Default test" finished-at="2024-03-22T16:42:21 IST" duration-ms="47229">
      <class name="applicationtests.PayerWillPayRazorTest">
        <test-method is-config="true" signature="setup()[pri:0, instance:applicationtests.PayerWillPayRazorTest@7d4f9aae]" started-at="2024-03-22T16:41:34 IST" name="setup" finished-at="2024-03-22T16:41:43 IST" duration-ms="8999" status="PASS">
          <reporter-output>
          </reporter-output>
        </test-method> <!-- setup -->
        <test-method signature="validateAppLogin([Ljava.lang.String;)[pri:1, instance:applicationtests.PayerWillPayRazorTest@7d4f9aae]" started-at="2024-03-22T16:41:46 IST" name="validateAppLogin" data-provider="dataFetch" finished-at="2024-03-22T16:41:52 IST" duration-ms="6146" status="PASS">
          <params>
            <param index="0">
              <value>
                <![CDATA[[Ljava.lang.String;@360bc645]]>
              </value>
            </param>
          </params>
          <reporter-output>
          </reporter-output>
        </test-method> <!-- validateAppLogin -->
        <test-method signature="validateCheckIn()[pri:2, instance:applicationtests.PayerWillPayRazorTest@7d4f9aae]" started-at="2024-03-22T16:41:52 IST" name="validateCheckIn" finished-at="2024-03-22T16:42:01 IST" duration-ms="8572" status="PASS">
          <reporter-output>
          </reporter-output>
        </test-method> <!-- validateCheckIn -->
        <test-method signature="validateSearch()[pri:3, instance:applicationtests.PayerWillPayRazorTest@7d4f9aae]" started-at="2024-03-22T16:42:01 IST" name="validateSearch" finished-at="2024-03-22T16:42:19 IST" duration-ms="18545" status="PASS">
          <reporter-output>
          </reporter-output>
        </test-method> <!-- validateSearch -->
        <test-method signature="validateCartTest([Ljava.lang.String;)[pri:4, instance:applicationtests.PayerWillPayRazorTest@7d4f9aae]" started-at="2024-03-22T16:42:20 IST" name="validateCartTest" data-provider="dataFetch2" finished-at="2024-03-22T16:42:20 IST" duration-ms="118" status="PASS">
          <params>
            <param index="0">
              <value>
                <![CDATA[[Ljava.lang.String;@70c53dbe]]>
              </value>
            </param>
          </params>
          <reporter-output>
          </reporter-output>
        </test-method> <!-- validateCartTest -->
        <test-method signature="validateDiscount([Ljava.lang.String;)[pri:5, instance:applicationtests.PayerWillPayRazorTest@7d4f9aae]" started-at="2024-03-22T16:42:20 IST" name="validateDiscount" data-provider="dataFetch2" finished-at="2024-03-22T16:42:20 IST" duration-ms="83" status="PASS">
          <params>
            <param index="0">
              <value>
                <![CDATA[[Ljava.lang.String;@5d51e129]]>
              </value>
            </param>
          </params>
          <reporter-output>
          </reporter-output>
        </test-method> <!-- validateDiscount -->
        <test-method signature="validatePlatformFee([Ljava.lang.String;)[pri:6, instance:applicationtests.PayerWillPayRazorTest@7d4f9aae]" started-at="2024-03-22T16:42:20 IST" name="validatePlatformFee" data-provider="dataFetch2" finished-at="2024-03-22T16:42:20 IST" duration-ms="73" status="PASS">
          <params>
            <param index="0">
              <value>
                <![CDATA[[Ljava.lang.String;@720bf653]]>
              </value>
            </param>
          </params>
          <reporter-output>
          </reporter-output>
        </test-method> <!-- validatePlatformFee -->
        <test-method signature="validatePayment_Collected([Ljava.lang.String;)[pri:7, instance:applicationtests.PayerWillPayRazorTest@7d4f9aae]" started-at="2024-03-22T16:42:21 IST" name="validatePayment_Collected" data-provider="dataFetch2" finished-at="2024-03-22T16:42:21 IST" duration-ms="119" status="PASS">
          <params>
            <param index="0">
              <value>
                <![CDATA[[Ljava.lang.String;@21c815e4]]>
              </value>
            </param>
          </params>
          <reporter-output>
          </reporter-output>
        </test-method> <!-- validatePayment_Collected -->
        <test-method signature="validateRazorpay_charges([Ljava.lang.String;)[pri:8, instance:applicationtests.PayerWillPayRazorTest@7d4f9aae]" started-at="2024-03-22T16:42:21 IST" name="validateRazorpay_charges" data-provider="dataFetch2" finished-at="2024-03-22T16:42:21 IST" duration-ms="103" status="PASS">
          <params>
            <param index="0">
              <value>
                <![CDATA[[Ljava.lang.String;@4edef76c]]>
              </value>
            </param>
          </params>
          <reporter-output>
          </reporter-output>
        </test-method> <!-- validateRazorpay_charges -->
        <test-method signature="validateAmount_owe([Ljava.lang.String;)[pri:9, instance:applicationtests.PayerWillPayRazorTest@7d4f9aae]" started-at="2024-03-22T16:42:21 IST" name="validateAmount_owe" data-provider="dataFetch2" finished-at="2024-03-22T16:42:21 IST" duration-ms="165" status="PASS">
          <params>
            <param index="0">
              <value>
                <![CDATA[[Ljava.lang.String;@1894e40d]]>
              </value>
            </param>
          </params>
          <reporter-output>
          </reporter-output>
        </test-method> <!-- validateAmount_owe -->
      </class> <!-- applicationtests.PayerWillPayRazorTest -->
    </test> <!-- Default test -->
  </suite> <!-- Default suite -->
</testng-results>
