<?xml version="1.0" encoding="UTF-8"?>
<testng-results ignored="0" total="8" passed="8" failed="0" skipped="0">
  <reporter-output>
  </reporter-output>
  <suite started-at="2024-02-23T16:26:58 IST" name="Default suite" finished-at="2024-02-23T16:27:59 IST" duration-ms="61430">
    <groups>
    </groups>
    <test started-at="2024-02-23T16:26:58 IST" name="Default test" finished-at="2024-02-23T16:27:59 IST" duration-ms="61430">
      <class name="com.testscripts.LoginWithNewEmailTest">
        <test-method is-config="true" signature="setup()[pri:0, instance:com.testscripts.LoginWithNewEmailTest@52b1beb6]" started-at="2024-02-23T16:26:58 IST" name="setup" finished-at="2024-02-23T16:27:02 IST" duration-ms="4570" status="PASS">
          <reporter-output>
          </reporter-output>
        </test-method> <!-- setup -->
        <test-method signature="ValidateSigninWithNewEmail([Ljava.lang.String;)[pri:1, instance:com.testscripts.LoginWithNewEmailTest@52b1beb6]" started-at="2024-02-23T16:27:03 IST" name="ValidateSigninWithNewEmail" data-provider="emailtestdata" finished-at="2024-02-23T16:27:34 IST" duration-ms="31322" status="PASS">
          <params>
            <param index="0">
              <value>
                <![CDATA[[Ljava.lang.String;@767f6ee7]]>
              </value>
            </param>
          </params>
          <reporter-output>
          </reporter-output>
        </test-method> <!-- ValidateSigninWithNewEmail -->
        <test-method is-config="true" signature="teardown(org.testng.ITestResult)[pri:0, instance:com.testscripts.LoginWithNewEmailTest@52b1beb6]" started-at="2024-02-23T16:27:34 IST" name="teardown" finished-at="2024-02-23T16:27:34 IST" duration-ms="1" status="PASS">
          <params>
            <param index="0">
              <value>
                <![CDATA[[TestResult name=ValidateSigninWithNewEmail status=SUCCESS method=LoginWithNewEmailTest.ValidateSigninWithNewEmail([Ljava.lang.String;)[pri:1, instance:com.testscripts.LoginWithNewEmailTest@52b1beb6] output={null}]]]>
              </value>
            </param>
          </params>
          <reporter-output>
          </reporter-output>
        </test-method> <!-- teardown -->
        <test-method signature="ValidateCoupon_Email([Ljava.lang.String;)[pri:2, instance:com.testscripts.LoginWithNewEmailTest@52b1beb6]" started-at="2024-02-23T16:27:34 IST" name="ValidateCoupon_Email" data-provider="emailtestdata" finished-at="2024-02-23T16:27:35 IST" duration-ms="683" status="PASS">
          <params>
            <param index="0">
              <value>
                <![CDATA[[Ljava.lang.String;@7b6c6e70]]>
              </value>
            </param>
          </params>
          <reporter-output>
          </reporter-output>
        </test-method> <!-- ValidateCoupon_Email -->
        <test-method signature="ValidateEmailDisable_Email()[pri:3, instance:com.testscripts.LoginWithNewEmailTest@52b1beb6]" started-at="2024-02-23T16:27:35 IST" name="ValidateEmailDisable_Email" finished-at="2024-02-23T16:27:35 IST" duration-ms="123" status="PASS">
          <reporter-output>
          </reporter-output>
        </test-method> <!-- ValidateEmailDisable_Email -->
        <test-method is-config="true" signature="teardown(org.testng.ITestResult)[pri:0, instance:com.testscripts.LoginWithNewEmailTest@52b1beb6]" started-at="2024-02-23T16:27:35 IST" name="teardown" finished-at="2024-02-23T16:27:35 IST" duration-ms="0" status="PASS">
          <params>
            <param index="0">
              <value>
                <![CDATA[[TestResult name=ValidateCoupon_Email status=SUCCESS method=LoginWithNewEmailTest.ValidateCoupon_Email([Ljava.lang.String;)[pri:2, instance:com.testscripts.LoginWithNewEmailTest@52b1beb6] output={null}]]]>
              </value>
            </param>
          </params>
          <reporter-output>
          </reporter-output>
        </test-method> <!-- teardown -->
        <test-method is-config="true" signature="teardown(org.testng.ITestResult)[pri:0, instance:com.testscripts.LoginWithNewEmailTest@52b1beb6]" started-at="2024-02-23T16:27:35 IST" name="teardown" finished-at="2024-02-23T16:27:35 IST" duration-ms="0" status="PASS">
          <params>
            <param index="0">
              <value>
                <![CDATA[[TestResult name=ValidateEmailDisable_Email status=SUCCESS method=LoginWithNewEmailTest.ValidateEmailDisable_Email()[pri:3, instance:com.testscripts.LoginWithNewEmailTest@52b1beb6] output={null}]]]>
              </value>
            </param>
          </params>
          <reporter-output>
          </reporter-output>
        </test-method> <!-- teardown -->
        <test-method signature="validateWhatsappCheckbox([Ljava.lang.String;)[pri:4, instance:com.testscripts.LoginWithNewEmailTest@52b1beb6]" started-at="2024-02-23T16:27:35 IST" name="validateWhatsappCheckbox" data-provider="emailtestdata" finished-at="2024-02-23T16:27:35 IST" duration-ms="451" status="PASS">
          <params>
            <param index="0">
              <value>
                <![CDATA[[Ljava.lang.String;@dd71b20]]>
              </value>
            </param>
          </params>
          <reporter-output>
          </reporter-output>
        </test-method> <!-- validateWhatsappCheckbox -->
        <test-method is-config="true" signature="teardown(org.testng.ITestResult)[pri:0, instance:com.testscripts.LoginWithNewEmailTest@52b1beb6]" started-at="2024-02-23T16:27:35 IST" name="teardown" finished-at="2024-02-23T16:27:35 IST" duration-ms="0" status="PASS">
          <params>
            <param index="0">
              <value>
                <![CDATA[[TestResult name=validateWhatsappCheckbox status=SUCCESS method=LoginWithNewEmailTest.validateWhatsappCheckbox([Ljava.lang.String;)[pri:4, instance:com.testscripts.LoginWithNewEmailTest@52b1beb6] output={null}]]]>
              </value>
            </param>
          </params>
          <reporter-output>
          </reporter-output>
        </test-method> <!-- teardown -->
        <test-method signature="validateAttendeeEmail([Ljava.lang.String;)[pri:5, instance:com.testscripts.LoginWithNewEmailTest@52b1beb6]" started-at="2024-02-23T16:27:36 IST" name="validateAttendeeEmail" data-provider="emailtestdata" finished-at="2024-02-23T16:27:53 IST" duration-ms="17167" status="PASS">
          <params>
            <param index="0">
              <value>
                <![CDATA[[Ljava.lang.String;@f324455]]>
              </value>
            </param>
          </params>
          <reporter-output>
          </reporter-output>
        </test-method> <!-- validateAttendeeEmail -->
        <test-method signature="validateOrderifVip_email()[pri:6, instance:com.testscripts.LoginWithNewEmailTest@52b1beb6]" started-at="2024-02-23T16:27:53 IST" name="validateOrderifVip_email" finished-at="2024-02-23T16:27:53 IST" duration-ms="484" status="PASS">
          <reporter-output>
          </reporter-output>
        </test-method> <!-- validateOrderifVip_email -->
        <test-method is-config="true" signature="teardown(org.testng.ITestResult)[pri:0, instance:com.testscripts.LoginWithNewEmailTest@52b1beb6]" started-at="2024-02-23T16:27:53 IST" name="teardown" finished-at="2024-02-23T16:27:53 IST" duration-ms="0" status="PASS">
          <params>
            <param index="0">
              <value>
                <![CDATA[[TestResult name=validateAttendeeEmail status=SUCCESS method=LoginWithNewEmailTest.validateAttendeeEmail([Ljava.lang.String;)[pri:5, instance:com.testscripts.LoginWithNewEmailTest@52b1beb6] output={null}]]]>
              </value>
            </param>
          </params>
          <reporter-output>
          </reporter-output>
        </test-method> <!-- teardown -->
        <test-method signature="ValidateOrderIdFree_email()[pri:7, instance:com.testscripts.LoginWithNewEmailTest@52b1beb6]" started-at="2024-02-23T16:27:53 IST" name="ValidateOrderIdFree_email" finished-at="2024-02-23T16:27:53 IST" duration-ms="243" status="PASS">
          <reporter-output>
          </reporter-output>
        </test-method> <!-- ValidateOrderIdFree_email -->
        <test-method is-config="true" signature="teardown(org.testng.ITestResult)[pri:0, instance:com.testscripts.LoginWithNewEmailTest@52b1beb6]" started-at="2024-02-23T16:27:53 IST" name="teardown" finished-at="2024-02-23T16:27:53 IST" duration-ms="0" status="PASS">
          <params>
            <param index="0">
              <value>
                <![CDATA[[TestResult name=validateOrderifVip_email status=SUCCESS method=LoginWithNewEmailTest.validateOrderifVip_email()[pri:6, instance:com.testscripts.LoginWithNewEmailTest@52b1beb6] output={null}]]]>
              </value>
            </param>
          </params>
          <reporter-output>
          </reporter-output>
        </test-method> <!-- teardown -->
        <test-method is-config="true" signature="teardown(org.testng.ITestResult)[pri:0, instance:com.testscripts.LoginWithNewEmailTest@52b1beb6]" started-at="2024-02-23T16:27:53 IST" name="teardown" finished-at="2024-02-23T16:27:53 IST" duration-ms="1" status="PASS">
          <params>
            <param index="0">
              <value>
                <![CDATA[[TestResult name=ValidateOrderIdFree_email status=SUCCESS method=LoginWithNewEmailTest.ValidateOrderIdFree_email()[pri:7, instance:com.testscripts.LoginWithNewEmailTest@52b1beb6] output={null}]]]>
              </value>
            </param>
          </params>
          <reporter-output>
          </reporter-output>
        </test-method> <!-- teardown -->
        <test-method signature="validateAttendeeRegistration_Vip([Ljava.lang.String;)[pri:8, instance:com.testscripts.LoginWithNewEmailTest@52b1beb6]" started-at="2024-02-23T16:27:53 IST" name="validateAttendeeRegistration_Vip" data-provider="emailtestdata" finished-at="2024-02-23T16:27:59 IST" duration-ms="5515" status="PASS">
          <params>
            <param index="0">
              <value>
                <![CDATA[[Ljava.lang.String;@5114b7c7]]>
              </value>
            </param>
          </params>
          <reporter-output>
          </reporter-output>
        </test-method> <!-- validateAttendeeRegistration_Vip -->
        <test-method is-config="true" signature="teardown(org.testng.ITestResult)[pri:0, instance:com.testscripts.LoginWithNewEmailTest@52b1beb6]" started-at="2024-02-23T16:27:59 IST" name="teardown" finished-at="2024-02-23T16:27:59 IST" duration-ms="10" status="PASS">
          <params>
            <param index="0">
              <value>
                <![CDATA[[TestResult name=validateAttendeeRegistration_Vip status=SUCCESS method=LoginWithNewEmailTest.validateAttendeeRegistration_Vip([Ljava.lang.String;)[pri:8, instance:com.testscripts.LoginWithNewEmailTest@52b1beb6] output={null}]]]>
              </value>
            </param>
          </params>
          <reporter-output>
          </reporter-output>
        </test-method> <!-- teardown -->
      </class> <!-- com.testscripts.LoginWithNewEmailTest -->
    </test> <!-- Default test -->
  </suite> <!-- Default suite -->
</testng-results>
