<?xml version="1.0" encoding="UTF-8"?>
<testng-results ignored="8" total="9" passed="1" failed="0" skipped="0">
  <reporter-output>
  </reporter-output>
  <suite started-at="2024-03-04T18:35:53 IST" name="Default suite" finished-at="2024-03-04T18:36:11 IST" duration-ms="17683">
    <groups>
    </groups>
    <test started-at="2024-03-04T18:35:53 IST" name="Default test" finished-at="2024-03-04T18:36:11 IST" duration-ms="17683">
      <class name="com.testscripts.LoginGoogleTests">
        <test-method is-config="true" signature="setup()[pri:0, instance:com.testscripts.LoginGoogleTests@242b836]" started-at="2024-03-04T18:35:53 IST" name="setup" finished-at="2024-03-04T18:35:58 IST" duration-ms="4760" status="PASS">
          <reporter-output>
          </reporter-output>
        </test-method> <!-- setup -->
        <test-method signature="validateDisablemail_google([Ljava.lang.String;)[pri:1, instance:com.testscripts.LoginGoogleTests@242b836]" started-at="2024-03-04T18:35:59 IST" name="validateDisablemail_google" data-provider="dataFetch" finished-at="2024-03-04T18:36:11 IST" duration-ms="11912" status="PASS">
          <params>
            <param index="0">
              <value>
                <![CDATA[[Ljava.lang.String;@2e51d054]]>
              </value>
            </param>
          </params>
          <reporter-output>
          </reporter-output>
        </test-method> <!-- validateDisablemail_google -->
        <test-method is-config="true" signature="teardown(org.testng.ITestResult)[pri:0, instance:com.testscripts.LoginGoogleTests@242b836]" started-at="2024-03-04T18:36:11 IST" name="teardown" finished-at="2024-03-04T18:36:11 IST" duration-ms="1" status="PASS">
          <params>
            <param index="0">
              <value>
                <![CDATA[[TestResult name=validateDisablemail_google status=SUCCESS method=LoginGoogleTests.validateDisablemail_google([Ljava.lang.String;)[pri:1, instance:com.testscripts.LoginGoogleTests@242b836] output={null}]]]>
              </value>
            </param>
          </params>
          <reporter-output>
          </reporter-output>
        </test-method> <!-- teardown -->
      </class> <!-- com.testscripts.LoginGoogleTests -->
    </test> <!-- Default test -->
  </suite> <!-- Default suite -->
</testng-results>
