<?xml version="1.0" encoding="UTF-8"?>
<testng-results ignored="0" total="13" passed="12" failed="1" skipped="0">
  <reporter-output>
  </reporter-output>
  <suite started-at="2024-03-01T16:29:07 IST" name="Default suite" finished-at="2024-03-01T16:30:03 IST" duration-ms="56570">
    <groups>
    </groups>
    <test started-at="2024-03-01T16:29:07 IST" name="Default test" finished-at="2024-03-01T16:30:03 IST" duration-ms="56570">
      <class name="com.testscripts.LoginWithNewMailUpiPayTest">
        <test-method is-config="true" signature="setup()[pri:0, instance:com.testscripts.LoginWithNewMailUpiPayTest@53aac487]" started-at="2024-03-01T16:29:07 IST" name="setup" finished-at="2024-03-01T16:29:12 IST" duration-ms="5755" status="PASS">
          <reporter-output>
          </reporter-output>
        </test-method> <!-- setup -->
        <test-method signature="ValidateSigninWithNewEmail_upiPay([Ljava.lang.String;)[pri:1, instance:com.testscripts.LoginWithNewMailUpiPayTest@53aac487]" started-at="2024-03-01T16:29:13 IST" name="ValidateSigninWithNewEmail_upiPay" data-provider="emailtestdata" finished-at="2024-03-01T16:29:45 IST" duration-ms="31305" status="PASS">
          <params>
            <param index="0">
              <value>
                <![CDATA[[Ljava.lang.String;@1a0d96a5]]>
              </value>
            </param>
          </params>
          <reporter-output>
          </reporter-output>
        </test-method> <!-- ValidateSigninWithNewEmail_upiPay -->
        <test-method signature="ValidateCoupon_Email([Ljava.lang.String;)[pri:2, instance:com.testscripts.LoginWithNewMailUpiPayTest@53aac487]" started-at="2024-03-01T16:29:45 IST" name="ValidateCoupon_Email" data-provider="emailtestdata" finished-at="2024-03-01T16:29:46 IST" duration-ms="889" status="PASS">
          <params>
            <param index="0">
              <value>
                <![CDATA[[Ljava.lang.String;@7a3e5cd3]]>
              </value>
            </param>
          </params>
          <reporter-output>
          </reporter-output>
        </test-method> <!-- ValidateCoupon_Email -->
        <test-method signature="validateCouponRemove()[pri:3, instance:com.testscripts.LoginWithNewMailUpiPayTest@53aac487]" started-at="2024-03-01T16:29:46 IST" name="validateCouponRemove" finished-at="2024-03-01T16:29:46 IST" duration-ms="129" status="PASS">
          <reporter-output>
          </reporter-output>
        </test-method> <!-- validateCouponRemove -->
        <test-method signature="ValidateEmailDisable_Email()[pri:4, instance:com.testscripts.LoginWithNewMailUpiPayTest@53aac487]" started-at="2024-03-01T16:29:46 IST" name="ValidateEmailDisable_Email" finished-at="2024-03-01T16:29:46 IST" duration-ms="191" status="PASS">
          <reporter-output>
          </reporter-output>
        </test-method> <!-- ValidateEmailDisable_Email -->
        <test-method signature="validateWhatsappCheckbox([Ljava.lang.String;)[pri:5, instance:com.testscripts.LoginWithNewMailUpiPayTest@53aac487]" started-at="2024-03-01T16:29:46 IST" name="validateWhatsappCheckbox" data-provider="emailtestdata" finished-at="2024-03-01T16:29:47 IST" duration-ms="501" status="PASS">
          <params>
            <param index="0">
              <value>
                <![CDATA[[Ljava.lang.String;@4a37191a]]>
              </value>
            </param>
          </params>
          <reporter-output>
          </reporter-output>
        </test-method> <!-- validateWhatsappCheckbox -->
        <test-method signature="validateAttendeeEmail([Ljava.lang.String;)[pri:6, instance:com.testscripts.LoginWithNewMailUpiPayTest@53aac487]" started-at="2024-03-01T16:29:47 IST" name="validateAttendeeEmail" data-provider="emailtestdata" finished-at="2024-03-01T16:29:47 IST" duration-ms="65" status="PASS">
          <params>
            <param index="0">
              <value>
                <![CDATA[[Ljava.lang.String;@3c79088e]]>
              </value>
            </param>
          </params>
          <reporter-output>
          </reporter-output>
        </test-method> <!-- validateAttendeeEmail -->
        <test-method signature="validatePaymentUrl()[pri:7, instance:com.testscripts.LoginWithNewMailUpiPayTest@53aac487]" started-at="2024-03-01T16:29:47 IST" name="validatePaymentUrl" finished-at="2024-03-01T16:29:47 IST" duration-ms="441" status="PASS">
          <reporter-output>
          </reporter-output>
        </test-method> <!-- validatePaymentUrl -->
        <test-method signature="validatePhonepe()[pri:8, instance:com.testscripts.LoginWithNewMailUpiPayTest@53aac487]" started-at="2024-03-01T16:29:47 IST" name="validatePhonepe" finished-at="2024-03-01T16:29:50 IST" duration-ms="2821" status="PASS">
          <reporter-output>
          </reporter-output>
        </test-method> <!-- validatePhonepe -->
        <test-method signature="validateAmazonPe()[pri:9, instance:com.testscripts.LoginWithNewMailUpiPayTest@53aac487]" started-at="2024-03-01T16:29:50 IST" name="validateAmazonPe" finished-at="2024-03-01T16:29:51 IST" duration-ms="281" status="PASS">
          <reporter-output>
          </reporter-output>
        </test-method> <!-- validateAmazonPe -->
        <test-method signature="validatephoenpeOrderMessage([Ljava.lang.String;)[pri:10, instance:com.testscripts.LoginWithNewMailUpiPayTest@53aac487]" started-at="2024-03-01T16:29:51 IST" name="validatephoenpeOrderMessage" data-provider="emailtestdata" finished-at="2024-03-01T16:30:01 IST" duration-ms="9992" status="PASS">
          <params>
            <param index="0">
              <value>
                <![CDATA[[Ljava.lang.String;@5a02bfe3]]>
              </value>
            </param>
          </params>
          <reporter-output>
          </reporter-output>
        </test-method> <!-- validatephoenpeOrderMessage -->
        <test-method signature="validateRegisterBtn()[pri:11, instance:com.testscripts.LoginWithNewMailUpiPayTest@53aac487]" started-at="2024-03-01T16:30:01 IST" name="validateRegisterBtn" finished-at="2024-03-01T16:30:01 IST" duration-ms="56" status="FAIL">
          <exception class="java.lang.AssertionError">
            <message>
              <![CDATA[expected [false] but found [true]]]>
            </message>
            <full-stacktrace>
              <![CDATA[java.lang.AssertionError: expected [false] but found [true]
at org.testng.Assert.fail(Assert.java:99)
at org.testng.Assert.failNotEquals(Assert.java:1037)
at org.testng.Assert.assertFalse(Assert.java:67)
at org.testng.Assert.assertFalse(Assert.java:77)
at com.pages.LoginWithExistingEmailUpiPayment.verifyCompleteRegisterbutton(LoginWithExistingEmailUpiPayment.java:179)
at com.testscripts.LoginWithNewMailUpiPayTest.validateRegisterBtn(LoginWithNewMailUpiPayTest.java:113)
at java.base/jdk.internal.reflect.NativeMethodAccessorImpl.invoke0(Native Method)
at java.base/jdk.internal.reflect.NativeMethodAccessorImpl.invoke(NativeMethodAccessorImpl.java:77)
at java.base/jdk.internal.reflect.DelegatingMethodAccessorImpl.invoke(DelegatingMethodAccessorImpl.java:43)
at java.base/java.lang.reflect.Method.invoke(Method.java:568)
at org.testng.internal.MethodInvocationHelper.invokeMethod(MethodInvocationHelper.java:133)
at org.testng.internal.TestInvoker.invokeMethod(TestInvoker.java:598)
at org.testng.internal.TestInvoker.invokeTestMethod(TestInvoker.java:173)
at org.testng.internal.MethodRunner.runInSequence(MethodRunner.java:46)
at org.testng.internal.TestInvoker$MethodInvocationAgent.invoke(TestInvoker.java:824)
at org.testng.internal.TestInvoker.invokeTestMethods(TestInvoker.java:146)
at org.testng.internal.TestMethodWorker.invokeTestMethods(TestMethodWorker.java:146)
at org.testng.internal.TestMethodWorker.run(TestMethodWorker.java:128)
at java.base/java.util.ArrayList.forEach(ArrayList.java:1511)
at org.testng.TestRunner.privateRun(TestRunner.java:794)
at org.testng.TestRunner.run(TestRunner.java:596)
at org.testng.SuiteRunner.runTest(SuiteRunner.java:377)
at org.testng.SuiteRunner.runSequentially(SuiteRunner.java:371)
at org.testng.SuiteRunner.privateRun(SuiteRunner.java:332)
at org.testng.SuiteRunner.run(SuiteRunner.java:276)
at org.testng.SuiteRunnerWorker.runSuite(SuiteRunnerWorker.java:53)
at org.testng.SuiteRunnerWorker.run(SuiteRunnerWorker.java:96)
at org.testng.TestNG.runSuitesSequentially(TestNG.java:1212)
at org.testng.TestNG.runSuitesLocally(TestNG.java:1134)
at org.testng.TestNG.runSuites(TestNG.java:1063)
at org.testng.TestNG.run(TestNG.java:1031)
at org.testng.remote.AbstractRemoteTestNG.run(AbstractRemoteTestNG.java:115)
at org.testng.remote.RemoteTestNG.initAndRun(RemoteTestNG.java:251)
at org.testng.remote.RemoteTestNG.main(RemoteTestNG.java:77)
]]>
            </full-stacktrace>
          </exception> <!-- java.lang.AssertionError -->
          <reporter-output>
          </reporter-output>
        </test-method> <!-- validateRegisterBtn -->
        <test-method signature="validateOrderIdVip()[pri:12, instance:com.testscripts.LoginWithNewMailUpiPayTest@53aac487]" started-at="2024-03-01T16:30:01 IST" name="validateOrderIdVip" finished-at="2024-03-01T16:30:02 IST" duration-ms="1261" status="PASS">
          <reporter-output>
          </reporter-output>
        </test-method> <!-- validateOrderIdVip -->
        <test-method signature="validateOrderIdFree()[pri:13, instance:com.testscripts.LoginWithNewMailUpiPayTest@53aac487]" started-at="2024-03-01T16:30:02 IST" name="validateOrderIdFree" finished-at="2024-03-01T16:30:03 IST" duration-ms="1273" status="PASS">
          <reporter-output>
          </reporter-output>
        </test-method> <!-- validateOrderIdFree -->
      </class> <!-- com.testscripts.LoginWithNewMailUpiPayTest -->
    </test> <!-- Default test -->
  </suite> <!-- Default suite -->
</testng-results>
